CRITICAL - 2020-12-28 00:00:09 --> Unknown column 'category_id' in 'where clause'
#0 D:\project\wartegnusantara\system\Database\MySQLi\Connection.php(331): mysqli->query('SELECT *\nFROM `...')
#1 D:\project\wartegnusantara\system\Database\BaseConnection.php(741): CodeIgniter\Database\MySQLi\Connection->execute('SELECT *\nFROM `...')
#2 D:\project\wartegnusantara\system\Database\BaseConnection.php(669): CodeIgniter\Database\BaseConnection->simpleQuery('SELECT *\nFROM `...')
#3 D:\project\wartegnusantara\system\Database\BaseBuilder.php(2019): CodeIgniter\Database\BaseConnection->query('SELECT *\nFROM `...', Array, false)
#4 D:\project\wartegnusantara\system\Model.php(1818): CodeIgniter\Database\BaseBuilder->getWhere(Array)
#5 D:\project\wartegnusantara\app\Models\KategoriBahanMakananModel.php(13): CodeIgniter\Model->__call('getWhere', Array)
#6 D:\project\wartegnusantara\app\Controllers\KategoriBahanMakanan.php(85): App\Models\KategoriBahanMakananModel->getCategory('7')
#7 D:\project\wartegnusantara\system\CodeIgniter.php(918): App\Controllers\KategoriBahanMakanan->edit('7')
#8 D:\project\wartegnusantara\system\CodeIgniter.php(404): CodeIgniter\CodeIgniter->runController(Object(App\Controllers\KategoriBahanMakanan))
#9 D:\project\wartegnusantara\system\CodeIgniter.php(312): CodeIgniter\CodeIgniter->handleRequest(NULL, Object(Config\Cache), false)
#10 D:\project\wartegnusantara\public\index.php(45): CodeIgniter\CodeIgniter->run()
#11 D:\project\wartegnusantara\system\Commands\Server\rewrite.php(34): require_once('D:\\project\\wart...')
#12 {main}
CRITICAL - 2020-12-28 00:01:32 --> Undefined index: category_id
#0 D:\project\wartegnusantara\app\Views\KategoriBahanMakanan\edit.php(39): CodeIgniter\Debug\Exceptions->errorHandler(8, 'Undefined index...', 'D:\\project\\wart...', 39, Array)
#1 D:\project\wartegnusantara\system\View\View.php(246): include('D:\\project\\wart...')
#2 D:\project\wartegnusantara\system\Common.php(1119): CodeIgniter\View\View->render('KategoriBahanMa...', Array, true)
#3 D:\project\wartegnusantara\app\Controllers\KategoriBahanMakanan.php(86): view('KategoriBahanMa...', Array)
#4 D:\project\wartegnusantara\system\CodeIgniter.php(918): App\Controllers\KategoriBahanMakanan->edit('7')
#5 D:\project\wartegnusantara\system\CodeIgniter.php(404): CodeIgniter\CodeIgniter->runController(Object(App\Controllers\KategoriBahanMakanan))
#6 D:\project\wartegnusantara\system\CodeIgniter.php(312): CodeIgniter\CodeIgniter->handleRequest(NULL, Object(Config\Cache), false)
#7 D:\project\wartegnusantara\public\index.php(45): CodeIgniter\CodeIgniter->run()
#8 D:\project\wartegnusantara\system\Commands\Server\rewrite.php(34): require_once('D:\\project\\wart...')
#9 {main}
CRITICAL - 2020-12-28 00:01:33 --> Undefined index: category_id
#0 D:\project\wartegnusantara\app\Views\KategoriBahanMakanan\edit.php(39): CodeIgniter\Debug\Exceptions->errorHandler(8, 'Undefined index...', 'D:\\project\\wart...', 39, Array)
#1 D:\project\wartegnusantara\system\View\View.php(246): include('D:\\project\\wart...')
#2 D:\project\wartegnusantara\system\Common.php(1119): CodeIgniter\View\View->render('KategoriBahanMa...', Array, true)
#3 D:\project\wartegnusantara\app\Controllers\KategoriBahanMakanan.php(86): view('KategoriBahanMa...', Array)
#4 D:\project\wartegnusantara\system\CodeIgniter.php(918): App\Controllers\KategoriBahanMakanan->edit('7')
#5 D:\project\wartegnusantara\system\CodeIgniter.php(404): CodeIgniter\CodeIgniter->runController(Object(App\Controllers\KategoriBahanMakanan))
#6 D:\project\wartegnusantara\system\CodeIgniter.php(312): CodeIgniter\CodeIgniter->handleRequest(NULL, Object(Config\Cache), false)
#7 D:\project\wartegnusantara\public\index.php(45): CodeIgniter\CodeIgniter->run()
#8 D:\project\wartegnusantara\system\Commands\Server\rewrite.php(34): require_once('D:\\project\\wart...')
#9 {main}
CRITICAL - 2020-12-28 00:02:45 --> Undefined index: category_id
#0 D:\project\wartegnusantara\app\Views\KategoriBahanMakanan\edit.php(39): CodeIgniter\Debug\Exceptions->errorHandler(8, 'Undefined index...', 'D:\\project\\wart...', 39, Array)
#1 D:\project\wartegnusantara\system\View\View.php(246): include('D:\\project\\wart...')
#2 D:\project\wartegnusantara\system\Common.php(1119): CodeIgniter\View\View->render('KategoriBahanMa...', Array, true)
#3 D:\project\wartegnusantara\app\Controllers\KategoriBahanMakanan.php(86): view('KategoriBahanMa...', Array)
#4 D:\project\wartegnusantara\system\CodeIgniter.php(918): App\Controllers\KategoriBahanMakanan->edit('7')
#5 D:\project\wartegnusantara\system\CodeIgniter.php(404): CodeIgniter\CodeIgniter->runController(Object(App\Controllers\KategoriBahanMakanan))
#6 D:\project\wartegnusantara\system\CodeIgniter.php(312): CodeIgniter\CodeIgniter->handleRequest(NULL, Object(Config\Cache), false)
#7 D:\project\wartegnusantara\public\index.php(45): CodeIgniter\CodeIgniter->run()
#8 D:\project\wartegnusantara\system\Commands\Server\rewrite.php(34): require_once('D:\\project\\wart...')
#9 {main}
CRITICAL - 2020-12-28 00:02:47 --> Undefined index: category_id
#0 D:\project\wartegnusantara\app\Views\KategoriBahanMakanan\edit.php(39): CodeIgniter\Debug\Exceptions->errorHandler(8, 'Undefined index...', 'D:\\project\\wart...', 39, Array)
#1 D:\project\wartegnusantara\system\View\View.php(246): include('D:\\project\\wart...')
#2 D:\project\wartegnusantara\system\Common.php(1119): CodeIgniter\View\View->render('KategoriBahanMa...', Array, true)
#3 D:\project\wartegnusantara\app\Controllers\KategoriBahanMakanan.php(86): view('KategoriBahanMa...', Array)
#4 D:\project\wartegnusantara\system\CodeIgniter.php(918): App\Controllers\KategoriBahanMakanan->edit('7')
#5 D:\project\wartegnusantara\system\CodeIgniter.php(404): CodeIgniter\CodeIgniter->runController(Object(App\Controllers\KategoriBahanMakanan))
#6 D:\project\wartegnusantara\system\CodeIgniter.php(312): CodeIgniter\CodeIgniter->handleRequest(NULL, Object(Config\Cache), false)
#7 D:\project\wartegnusantara\public\index.php(45): CodeIgniter\CodeIgniter->run()
#8 D:\project\wartegnusantara\system\Commands\Server\rewrite.php(34): require_once('D:\\project\\wart...')
#9 {main}
CRITICAL - 2020-12-28 00:09:27 --> Too few arguments to function App\Controllers\KategoriBahanMakanan::edit(), 0 passed in D:\project\wartegnusantara\system\CodeIgniter.php on line 918 and exactly 1 expected
#0 D:\project\wartegnusantara\system\CodeIgniter.php(918): App\Controllers\KategoriBahanMakanan->edit()
#1 D:\project\wartegnusantara\system\CodeIgniter.php(404): CodeIgniter\CodeIgniter->runController(Object(App\Controllers\KategoriBahanMakanan))
#2 D:\project\wartegnusantara\system\CodeIgniter.php(312): CodeIgniter\CodeIgniter->handleRequest(NULL, Object(Config\Cache), false)
#3 D:\project\wartegnusantara\public\index.php(45): CodeIgniter\CodeIgniter->run()
#4 D:\project\wartegnusantara\system\Commands\Server\rewrite.php(34): require_once('D:\\project\\wart...')
#5 {main}
CRITICAL - 2020-12-28 00:16:09 --> Unknown column 'category_id' in 'where clause'
#0 D:\project\wartegnusantara\system\Database\MySQLi\Connection.php(331): mysqli->query('UPDATE `kategor...')
#1 D:\project\wartegnusantara\system\Database\BaseConnection.php(741): CodeIgniter\Database\MySQLi\Connection->execute('UPDATE `kategor...')
#2 D:\project\wartegnusantara\system\Database\BaseConnection.php(669): CodeIgniter\Database\BaseConnection->simpleQuery('UPDATE `kategor...')
#3 D:\project\wartegnusantara\system\Database\BaseBuilder.php(2456): CodeIgniter\Database\BaseConnection->query('UPDATE `kategor...', Array, false)
#4 D:\project\wartegnusantara\app\Models\KategoriBahanMakananModel.php(24): CodeIgniter\Database\BaseBuilder->update(Array, Array)
#5 D:\project\wartegnusantara\app\Controllers\KategoriBahanMakanan.php(108): App\Models\KategoriBahanMakananModel->updateCategory(Array, '9')
#6 D:\project\wartegnusantara\system\CodeIgniter.php(918): App\Controllers\KategoriBahanMakanan->update()
#7 D:\project\wartegnusantara\system\CodeIgniter.php(404): CodeIgniter\CodeIgniter->runController(Object(App\Controllers\KategoriBahanMakanan))
#8 D:\project\wartegnusantara\system\CodeIgniter.php(312): CodeIgniter\CodeIgniter->handleRequest(NULL, Object(Config\Cache), false)
#9 D:\project\wartegnusantara\public\index.php(45): CodeIgniter\CodeIgniter->run()
#10 D:\project\wartegnusantara\system\Commands\Server\rewrite.php(34): require_once('D:\\project\\wart...')
#11 {main}
CRITICAL - 2020-12-28 00:19:44 --> Too few arguments to function App\Controllers\KategoriBahanMakanan::delete(), 1 passed in D:\project\wartegnusantara\system\CodeIgniter.php on line 918 and exactly 2 expected
#0 D:\project\wartegnusantara\system\CodeIgniter.php(918): App\Controllers\KategoriBahanMakanan->delete('9')
#1 D:\project\wartegnusantara\system\CodeIgniter.php(404): CodeIgniter\CodeIgniter->runController(Object(App\Controllers\KategoriBahanMakanan))
#2 D:\project\wartegnusantara\system\CodeIgniter.php(312): CodeIgniter\CodeIgniter->handleRequest(NULL, Object(Config\Cache), false)
#3 D:\project\wartegnusantara\public\index.php(45): CodeIgniter\CodeIgniter->run()
#4 D:\project\wartegnusantara\system\Commands\Server\rewrite.php(34): require_once('D:\\project\\wart...')
#5 {main}
CRITICAL - 2020-12-28 00:23:08 --> Undefined variable: data
#0 D:\project\wartegnusantara\app\Controllers\KategoriBahanMakanan.php(72): CodeIgniter\Debug\Exceptions->errorHandler(8, 'Undefined varia...', 'D:\\project\\wart...', 72, Array)
#1 D:\project\wartegnusantara\system\CodeIgniter.php(918): App\Controllers\KategoriBahanMakanan->delete('9')
#2 D:\project\wartegnusantara\system\CodeIgniter.php(404): CodeIgniter\CodeIgniter->runController(Object(App\Controllers\KategoriBahanMakanan))
#3 D:\project\wartegnusantara\system\CodeIgniter.php(312): CodeIgniter\CodeIgniter->handleRequest(NULL, Object(Config\Cache), false)
#4 D:\project\wartegnusantara\public\index.php(45): CodeIgniter\CodeIgniter->run()
#5 D:\project\wartegnusantara\system\Commands\Server\rewrite.php(34): require_once('D:\\project\\wart...')
#6 {main}
CRITICAL - 2020-12-28 00:25:11 --> Allowed memory size of 536870912 bytes exhausted (tried to allocate 4096 bytes)
#0 [internal function]: CodeIgniter\Debug\Exceptions->shutdownHandler()
#1 {main}
CRITICAL - 2020-12-28 00:27:38 --> Declaration of App\Models\KategoriBahanMakananModel::delete($data, $id) should be compatible with CodeIgniter\Model::delete($id = NULL, bool $purge = false)
#0 D:\project\wartegnusantara\app\Models\KategoriBahanMakananModel.php(4): CodeIgniter\Debug\Exceptions->errorHandler(2, 'Declaration of ...', 'D:\\project\\wart...', 4, Array)
#1 D:\project\wartegnusantara\system\Autoloader\Autoloader.php(365): require_once('D:\\project\\wart...')
#2 D:\project\wartegnusantara\system\Autoloader\Autoloader.php(296): CodeIgniter\Autoloader\Autoloader->requireFile('D:\\project\\wart...')
#3 D:\project\wartegnusantara\system\Autoloader\Autoloader.php(258): CodeIgniter\Autoloader\Autoloader->loadInNamespace('App\\Models\\Kate...')
#4 [internal function]: CodeIgniter\Autoloader\Autoloader->loadClass('App\\Models\\Kate...')
#5 D:\project\wartegnusantara\app\Controllers\KategoriBahanMakanan.php(27): spl_autoload_call('App\\Models\\Kate...')
#6 D:\project\wartegnusantara\system\CodeIgniter.php(918): App\Controllers\KategoriBahanMakanan->index()
#7 D:\project\wartegnusantara\system\CodeIgniter.php(404): CodeIgniter\CodeIgniter->runController(Object(App\Controllers\KategoriBahanMakanan))
#8 D:\project\wartegnusantara\system\CodeIgniter.php(312): CodeIgniter\CodeIgniter->handleRequest(NULL, Object(Config\Cache), false)
#9 D:\project\wartegnusantara\public\index.php(45): CodeIgniter\CodeIgniter->run()
#10 D:\project\wartegnusantara\system\Commands\Server\rewrite.php(34): require_once('D:\\project\\wart...')
#11 {main}
CRITICAL - 2020-12-28 00:29:34 --> Declaration of App\Models\KategoriBahanMakananModel::update($data, $id) must be compatible with CodeIgniter\Model::update($id = NULL, $data = NULL): bool
#0 [internal function]: CodeIgniter\Debug\Exceptions->shutdownHandler()
#1 {main}
CRITICAL - 2020-12-28 00:30:41 --> Declaration of App\Models\KategoriBahanMakananModel::update($data, $id) must be compatible with CodeIgniter\Model::update($id = NULL, $data = NULL): bool
#0 [internal function]: CodeIgniter\Debug\Exceptions->shutdownHandler()
#1 {main}
CRITICAL - 2020-12-28 00:30:43 --> Declaration of App\Models\KategoriBahanMakananModel::update($data, $id) must be compatible with CodeIgniter\Model::update($id = NULL, $data = NULL): bool
#0 [internal function]: CodeIgniter\Debug\Exceptions->shutdownHandler()
#1 {main}
CRITICAL - 2020-12-28 00:30:48 --> Allowed memory size of 536870912 bytes exhausted (tried to allocate 4096 bytes)
#0 [internal function]: CodeIgniter\Debug\Exceptions->shutdownHandler()
#1 {main}
CRITICAL - 2020-12-28 00:30:51 --> Declaration of App\Models\KategoriBahanMakananModel::update($data, $id) must be compatible with CodeIgniter\Model::update($id = NULL, $data = NULL): bool
#0 [internal function]: CodeIgniter\Debug\Exceptions->shutdownHandler()
#1 {main}
CRITICAL - 2020-12-28 00:30:54 --> Declaration of App\Models\KategoriBahanMakananModel::update($data, $id) must be compatible with CodeIgniter\Model::update($id = NULL, $data = NULL): bool
#0 [internal function]: CodeIgniter\Debug\Exceptions->shutdownHandler()
#1 {main}
CRITICAL - 2020-12-28 00:31:44 --> Declaration of App\Models\KategoriBahanMakananModel::delete($data, $id) should be compatible with CodeIgniter\Model::delete($id = NULL, bool $purge = false)
#0 D:\project\wartegnusantara\app\Models\KategoriBahanMakananModel.php(4): CodeIgniter\Debug\Exceptions->errorHandler(2, 'Declaration of ...', 'D:\\project\\wart...', 4, Array)
#1 D:\project\wartegnusantara\system\Autoloader\Autoloader.php(365): require_once('D:\\project\\wart...')
#2 D:\project\wartegnusantara\system\Autoloader\Autoloader.php(296): CodeIgniter\Autoloader\Autoloader->requireFile('D:\\project\\wart...')
#3 D:\project\wartegnusantara\system\Autoloader\Autoloader.php(258): CodeIgniter\Autoloader\Autoloader->loadInNamespace('App\\Models\\Kate...')
#4 [internal function]: CodeIgniter\Autoloader\Autoloader->loadClass('App\\Models\\Kate...')
#5 D:\project\wartegnusantara\app\Controllers\KategoriBahanMakanan.php(27): spl_autoload_call('App\\Models\\Kate...')
#6 D:\project\wartegnusantara\system\CodeIgniter.php(918): App\Controllers\KategoriBahanMakanan->index()
#7 D:\project\wartegnusantara\system\CodeIgniter.php(404): CodeIgniter\CodeIgniter->runController(Object(App\Controllers\KategoriBahanMakanan))
#8 D:\project\wartegnusantara\system\CodeIgniter.php(312): CodeIgniter\CodeIgniter->handleRequest(NULL, Object(Config\Cache), false)
#9 D:\project\wartegnusantara\public\index.php(45): CodeIgniter\CodeIgniter->run()
#10 D:\project\wartegnusantara\system\Commands\Server\rewrite.php(34): require_once('D:\\project\\wart...')
#11 {main}
CRITICAL - 2020-12-28 00:31:45 --> Declaration of App\Models\KategoriBahanMakananModel::delete($data, $id) should be compatible with CodeIgniter\Model::delete($id = NULL, bool $purge = false)
#0 D:\project\wartegnusantara\app\Models\KategoriBahanMakananModel.php(4): CodeIgniter\Debug\Exceptions->errorHandler(2, 'Declaration of ...', 'D:\\project\\wart...', 4, Array)
#1 D:\project\wartegnusantara\system\Autoloader\Autoloader.php(365): require_once('D:\\project\\wart...')
#2 D:\project\wartegnusantara\system\Autoloader\Autoloader.php(296): CodeIgniter\Autoloader\Autoloader->requireFile('D:\\project\\wart...')
#3 D:\project\wartegnusantara\system\Autoloader\Autoloader.php(258): CodeIgniter\Autoloader\Autoloader->loadInNamespace('App\\Models\\Kate...')
#4 [internal function]: CodeIgniter\Autoloader\Autoloader->loadClass('App\\Models\\Kate...')
#5 D:\project\wartegnusantara\app\Controllers\KategoriBahanMakanan.php(27): spl_autoload_call('App\\Models\\Kate...')
#6 D:\project\wartegnusantara\system\CodeIgniter.php(918): App\Controllers\KategoriBahanMakanan->index()
#7 D:\project\wartegnusantara\system\CodeIgniter.php(404): CodeIgniter\CodeIgniter->runController(Object(App\Controllers\KategoriBahanMakanan))
#8 D:\project\wartegnusantara\system\CodeIgniter.php(312): CodeIgniter\CodeIgniter->handleRequest(NULL, Object(Config\Cache), false)
#9 D:\project\wartegnusantara\public\index.php(45): CodeIgniter\CodeIgniter->run()
#10 D:\project\wartegnusantara\system\Commands\Server\rewrite.php(34): require_once('D:\\project\\wart...')
#11 {main}
CRITICAL - 2020-12-28 00:32:46 --> Declaration of App\Models\KategoriBahanMakananModel::update($data, $id) must be compatible with CodeIgniter\Model::update($id = NULL, $data = NULL): bool
#0 [internal function]: CodeIgniter\Debug\Exceptions->shutdownHandler()
#1 {main}
CRITICAL - 2020-12-28 00:34:11 --> Declaration of App\Models\KategoriBahanMakananModel::update($data, $id) must be compatible with CodeIgniter\Model::update($id = NULL, $data = NULL): bool
#0 [internal function]: CodeIgniter\Debug\Exceptions->shutdownHandler()
#1 {main}
CRITICAL - 2020-12-28 00:40:01 --> Undefined variable: data
#0 D:\project\wartegnusantara\app\Controllers\KategoriBahanMakanan.php(73): CodeIgniter\Debug\Exceptions->errorHandler(8, 'Undefined varia...', 'D:\\project\\wart...', 73, Array)
#1 D:\project\wartegnusantara\system\CodeIgniter.php(918): App\Controllers\KategoriBahanMakanan->delete('9')
#2 D:\project\wartegnusantara\system\CodeIgniter.php(404): CodeIgniter\CodeIgniter->runController(Object(App\Controllers\KategoriBahanMakanan))
#3 D:\project\wartegnusantara\system\CodeIgniter.php(312): CodeIgniter\CodeIgniter->handleRequest(NULL, Object(Config\Cache), false)
#4 D:\project\wartegnusantara\public\index.php(45): CodeIgniter\CodeIgniter->run()
#5 D:\project\wartegnusantara\system\Commands\Server\rewrite.php(34): require_once('D:\\project\\wart...')
#6 {main}
CRITICAL - 2020-12-28 00:42:43 --> Call to undefined method App\Controllers\KategoriBahanMakanan::updateCategory()
#0 D:\project\wartegnusantara\system\CodeIgniter.php(918): App\Controllers\KategoriBahanMakanan->delete('5')
#1 D:\project\wartegnusantara\system\CodeIgniter.php(404): CodeIgniter\CodeIgniter->runController(Object(App\Controllers\KategoriBahanMakanan))
#2 D:\project\wartegnusantara\system\CodeIgniter.php(312): CodeIgniter\CodeIgniter->handleRequest(NULL, Object(Config\Cache), false)
#3 D:\project\wartegnusantara\public\index.php(45): CodeIgniter\CodeIgniter->run()
#4 D:\project\wartegnusantara\system\Commands\Server\rewrite.php(34): require_once('D:\\project\\wart...')
#5 {main}
CRITICAL - 2020-12-28 00:44:33 --> Call to undefined method App\Controllers\KategoriBahanMakanan::updateCategory()
#0 D:\project\wartegnusantara\system\CodeIgniter.php(918): App\Controllers\KategoriBahanMakanan->delete('5')
#1 D:\project\wartegnusantara\system\CodeIgniter.php(404): CodeIgniter\CodeIgniter->runController(Object(App\Controllers\KategoriBahanMakanan))
#2 D:\project\wartegnusantara\system\CodeIgniter.php(312): CodeIgniter\CodeIgniter->handleRequest(NULL, Object(Config\Cache), false)
#3 D:\project\wartegnusantara\public\index.php(45): CodeIgniter\CodeIgniter->run()
#4 D:\project\wartegnusantara\system\Commands\Server\rewrite.php(34): require_once('D:\\project\\wart...')
#5 {main}
CRITICAL - 2020-12-28 00:46:07 --> Array to string conversion
#0 D:\project\wartegnusantara\app\Controllers\KategoriBahanMakanan.php(73): CodeIgniter\Debug\Exceptions->errorHandler(8, 'Array to string...', 'D:\\project\\wart...', 73, Array)
#1 D:\project\wartegnusantara\app\Controllers\KategoriBahanMakanan.php(78): App\Controllers\KategoriBahanMakanan->delete(Array, '5')
#2 D:\project\wartegnusantara\system\CodeIgniter.php(918): App\Controllers\KategoriBahanMakanan->delete('5')
#3 D:\project\wartegnusantara\system\CodeIgniter.php(404): CodeIgniter\CodeIgniter->runController(Object(App\Controllers\KategoriBahanMakanan))
#4 D:\project\wartegnusantara\system\CodeIgniter.php(312): CodeIgniter\CodeIgniter->handleRequest(NULL, Object(Config\Cache), false)
#5 D:\project\wartegnusantara\public\index.php(45): CodeIgniter\CodeIgniter->run()
#6 D:\project\wartegnusantara\system\Commands\Server\rewrite.php(34): require_once('D:\\project\\wart...')
#7 {main}
CRITICAL - 2020-12-28 00:47:13 --> Array to string conversion
#0 D:\project\wartegnusantara\app\Controllers\KategoriBahanMakanan.php(73): CodeIgniter\Debug\Exceptions->errorHandler(8, 'Array to string...', 'D:\\project\\wart...', 73, Array)
#1 D:\project\wartegnusantara\app\Controllers\KategoriBahanMakanan.php(78): App\Controllers\KategoriBahanMakanan->delete(Array, '7')
#2 D:\project\wartegnusantara\system\CodeIgniter.php(918): App\Controllers\KategoriBahanMakanan->delete('7')
#3 D:\project\wartegnusantara\system\CodeIgniter.php(404): CodeIgniter\CodeIgniter->runController(Object(App\Controllers\KategoriBahanMakanan))
#4 D:\project\wartegnusantara\system\CodeIgniter.php(312): CodeIgniter\CodeIgniter->handleRequest(NULL, Object(Config\Cache), false)
#5 D:\project\wartegnusantara\public\index.php(45): CodeIgniter\CodeIgniter->run()
#6 D:\project\wartegnusantara\system\Commands\Server\rewrite.php(34): require_once('D:\\project\\wart...')
#7 {main}
CRITICAL - 2020-12-28 00:47:54 --> Array to string conversion
#0 D:\project\wartegnusantara\app\Controllers\KategoriBahanMakanan.php(73): CodeIgniter\Debug\Exceptions->errorHandler(8, 'Array to string...', 'D:\\project\\wart...', 73, Array)
#1 D:\project\wartegnusantara\app\Controllers\KategoriBahanMakanan.php(79): App\Controllers\KategoriBahanMakanan->delete(Array, '7')
#2 D:\project\wartegnusantara\system\CodeIgniter.php(918): App\Controllers\KategoriBahanMakanan->delete('7')
#3 D:\project\wartegnusantara\system\CodeIgniter.php(404): CodeIgniter\CodeIgniter->runController(Object(App\Controllers\KategoriBahanMakanan))
#4 D:\project\wartegnusantara\system\CodeIgniter.php(312): CodeIgniter\CodeIgniter->handleRequest(NULL, Object(Config\Cache), false)
#5 D:\project\wartegnusantara\public\index.php(45): CodeIgniter\CodeIgniter->run()
#6 D:\project\wartegnusantara\system\Commands\Server\rewrite.php(34): require_once('D:\\project\\wart...')
#7 {main}
CRITICAL - 2020-12-28 00:47:56 --> Array to string conversion
#0 D:\project\wartegnusantara\app\Controllers\KategoriBahanMakanan.php(73): CodeIgniter\Debug\Exceptions->errorHandler(8, 'Array to string...', 'D:\\project\\wart...', 73, Array)
#1 D:\project\wartegnusantara\app\Controllers\KategoriBahanMakanan.php(79): App\Controllers\KategoriBahanMakanan->delete(Array, '7')
#2 D:\project\wartegnusantara\system\CodeIgniter.php(918): App\Controllers\KategoriBahanMakanan->delete('7')
#3 D:\project\wartegnusantara\system\CodeIgniter.php(404): CodeIgniter\CodeIgniter->runController(Object(App\Controllers\KategoriBahanMakanan))
#4 D:\project\wartegnusantara\system\CodeIgniter.php(312): CodeIgniter\CodeIgniter->handleRequest(NULL, Object(Config\Cache), false)
#5 D:\project\wartegnusantara\public\index.php(45): CodeIgniter\CodeIgniter->run()
#6 D:\project\wartegnusantara\system\Commands\Server\rewrite.php(34): require_once('D:\\project\\wart...')
#7 {main}
CRITICAL - 2020-12-28 00:50:04 --> syntax error, unexpected '=', expecting ')'
#0 D:\project\wartegnusantara\system\Router\Router.php(195): CodeIgniter\Router\Router->autoRoute('KategoriBahanMa...')
#1 D:\project\wartegnusantara\system\CodeIgniter.php(793): CodeIgniter\Router\Router->handle('KategoriBahanMa...')
#2 D:\project\wartegnusantara\system\CodeIgniter.php(364): CodeIgniter\CodeIgniter->tryToRouteIt(Object(CodeIgniter\Router\RouteCollection))
#3 D:\project\wartegnusantara\system\CodeIgniter.php(312): CodeIgniter\CodeIgniter->handleRequest(NULL, Object(Config\Cache), false)
#4 D:\project\wartegnusantara\public\index.php(45): CodeIgniter\CodeIgniter->run()
#5 D:\project\wartegnusantara\system\Commands\Server\rewrite.php(34): require_once('D:\\project\\wart...')
#6 {main}
CRITICAL - 2020-12-28 00:50:23 --> Undefined index: isActive
#0 D:\project\wartegnusantara\app\Controllers\KategoriBahanMakanan.php(76): CodeIgniter\Debug\Exceptions->errorHandler(8, 'Undefined index...', 'D:\\project\\wart...', 76, Array)
#1 D:\project\wartegnusantara\system\CodeIgniter.php(918): App\Controllers\KategoriBahanMakanan->delete('7')
#2 D:\project\wartegnusantara\system\CodeIgniter.php(404): CodeIgniter\CodeIgniter->runController(Object(App\Controllers\KategoriBahanMakanan))
#3 D:\project\wartegnusantara\system\CodeIgniter.php(312): CodeIgniter\CodeIgniter->handleRequest(NULL, Object(Config\Cache), false)
#4 D:\project\wartegnusantara\public\index.php(45): CodeIgniter\CodeIgniter->run()
#5 D:\project\wartegnusantara\system\Commands\Server\rewrite.php(34): require_once('D:\\project\\wart...')
#6 {main}
CRITICAL - 2020-12-28 00:50:45 --> Array to string conversion
#0 D:\project\wartegnusantara\app\Controllers\KategoriBahanMakanan.php(74): CodeIgniter\Debug\Exceptions->errorHandler(8, 'Array to string...', 'D:\\project\\wart...', 74, Array)
#1 D:\project\wartegnusantara\app\Controllers\KategoriBahanMakanan.php(79): App\Controllers\KategoriBahanMakanan->delete(Array, '7')
#2 D:\project\wartegnusantara\system\CodeIgniter.php(918): App\Controllers\KategoriBahanMakanan->delete('7')
#3 D:\project\wartegnusantara\system\CodeIgniter.php(404): CodeIgniter\CodeIgniter->runController(Object(App\Controllers\KategoriBahanMakanan))
#4 D:\project\wartegnusantara\system\CodeIgniter.php(312): CodeIgniter\CodeIgniter->handleRequest(NULL, Object(Config\Cache), false)
#5 D:\project\wartegnusantara\public\index.php(45): CodeIgniter\CodeIgniter->run()
#6 D:\project\wartegnusantara\system\Commands\Server\rewrite.php(34): require_once('D:\\project\\wart...')
#7 {main}
CRITICAL - 2020-12-28 00:50:47 --> Array to string conversion
#0 D:\project\wartegnusantara\app\Controllers\KategoriBahanMakanan.php(74): CodeIgniter\Debug\Exceptions->errorHandler(8, 'Array to string...', 'D:\\project\\wart...', 74, Array)
#1 D:\project\wartegnusantara\app\Controllers\KategoriBahanMakanan.php(79): App\Controllers\KategoriBahanMakanan->delete(Array, '7')
#2 D:\project\wartegnusantara\system\CodeIgniter.php(918): App\Controllers\KategoriBahanMakanan->delete('7')
#3 D:\project\wartegnusantara\system\CodeIgniter.php(404): CodeIgniter\CodeIgniter->runController(Object(App\Controllers\KategoriBahanMakanan))
#4 D:\project\wartegnusantara\system\CodeIgniter.php(312): CodeIgniter\CodeIgniter->handleRequest(NULL, Object(Config\Cache), false)
#5 D:\project\wartegnusantara\public\index.php(45): CodeIgniter\CodeIgniter->run()
#6 D:\project\wartegnusantara\system\Commands\Server\rewrite.php(34): require_once('D:\\project\\wart...')
#7 {main}
CRITICAL - 2020-12-28 00:51:15 --> Allowed memory size of 536870912 bytes exhausted (tried to allocate 4096 bytes)
#0 [internal function]: CodeIgniter\Debug\Exceptions->shutdownHandler()
#1 {main}
CRITICAL - 2020-12-28 00:51:20 --> Allowed memory size of 536870912 bytes exhausted (tried to allocate 4096 bytes)
#0 [internal function]: CodeIgniter\Debug\Exceptions->shutdownHandler()
#1 {main}
CRITICAL - 2020-12-28 00:51:28 --> Allowed memory size of 536870912 bytes exhausted (tried to allocate 4096 bytes)
#0 [internal function]: CodeIgniter\Debug\Exceptions->shutdownHandler()
#1 {main}
CRITICAL - 2020-12-28 01:03:46 --> Declaration of App\Models\KategoriBahanMakananModel::delete($data, $id) should be compatible with CodeIgniter\Model::delete($id = NULL, bool $purge = false)
#0 D:\project\wartegnusantara\app\Models\KategoriBahanMakananModel.php(4): CodeIgniter\Debug\Exceptions->errorHandler(2, 'Declaration of ...', 'D:\\project\\wart...', 4, Array)
#1 D:\project\wartegnusantara\system\Autoloader\Autoloader.php(365): require_once('D:\\project\\wart...')
#2 D:\project\wartegnusantara\system\Autoloader\Autoloader.php(296): CodeIgniter\Autoloader\Autoloader->requireFile('D:\\project\\wart...')
#3 D:\project\wartegnusantara\system\Autoloader\Autoloader.php(258): CodeIgniter\Autoloader\Autoloader->loadInNamespace('App\\Models\\Kate...')
#4 [internal function]: CodeIgniter\Autoloader\Autoloader->loadClass('App\\Models\\Kate...')
#5 D:\project\wartegnusantara\app\Controllers\KategoriBahanMakanan.php(27): spl_autoload_call('App\\Models\\Kate...')
#6 D:\project\wartegnusantara\system\CodeIgniter.php(918): App\Controllers\KategoriBahanMakanan->index()
#7 D:\project\wartegnusantara\system\CodeIgniter.php(404): CodeIgniter\CodeIgniter->runController(Object(App\Controllers\KategoriBahanMakanan))
#8 D:\project\wartegnusantara\system\CodeIgniter.php(312): CodeIgniter\CodeIgniter->handleRequest(NULL, Object(Config\Cache), false)
#9 D:\project\wartegnusantara\public\index.php(45): CodeIgniter\CodeIgniter->run()
#10 D:\project\wartegnusantara\system\Commands\Server\rewrite.php(34): require_once('D:\\project\\wart...')
#11 {main}
CRITICAL - 2020-12-28 01:03:57 --> Declaration of App\Models\KategoriBahanMakananModel::delete($data, $id) should be compatible with CodeIgniter\Model::delete($id = NULL, bool $purge = false)
#0 D:\project\wartegnusantara\app\Models\KategoriBahanMakananModel.php(4): CodeIgniter\Debug\Exceptions->errorHandler(2, 'Declaration of ...', 'D:\\project\\wart...', 4, Array)
#1 D:\project\wartegnusantara\system\Autoloader\Autoloader.php(365): require_once('D:\\project\\wart...')
#2 D:\project\wartegnusantara\system\Autoloader\Autoloader.php(296): CodeIgniter\Autoloader\Autoloader->requireFile('D:\\project\\wart...')
#3 D:\project\wartegnusantara\system\Autoloader\Autoloader.php(258): CodeIgniter\Autoloader\Autoloader->loadInNamespace('App\\Models\\Kate...')
#4 [internal function]: CodeIgniter\Autoloader\Autoloader->loadClass('App\\Models\\Kate...')
#5 D:\project\wartegnusantara\app\Controllers\KategoriBahanMakanan.php(27): spl_autoload_call('App\\Models\\Kate...')
#6 D:\project\wartegnusantara\system\CodeIgniter.php(918): App\Controllers\KategoriBahanMakanan->index()
#7 D:\project\wartegnusantara\system\CodeIgniter.php(404): CodeIgniter\CodeIgniter->runController(Object(App\Controllers\KategoriBahanMakanan))
#8 D:\project\wartegnusantara\system\CodeIgniter.php(312): CodeIgniter\CodeIgniter->handleRequest(NULL, Object(Config\Cache), false)
#9 D:\project\wartegnusantara\public\index.php(45): CodeIgniter\CodeIgniter->run()
#10 D:\project\wartegnusantara\system\Commands\Server\rewrite.php(34): require_once('D:\\project\\wart...')
#11 {main}
CRITICAL - 2020-12-28 01:03:58 --> Declaration of App\Models\KategoriBahanMakananModel::delete($data, $id) should be compatible with CodeIgniter\Model::delete($id = NULL, bool $purge = false)
#0 D:\project\wartegnusantara\app\Models\KategoriBahanMakananModel.php(4): CodeIgniter\Debug\Exceptions->errorHandler(2, 'Declaration of ...', 'D:\\project\\wart...', 4, Array)
#1 D:\project\wartegnusantara\system\Autoloader\Autoloader.php(365): require_once('D:\\project\\wart...')
#2 D:\project\wartegnusantara\system\Autoloader\Autoloader.php(296): CodeIgniter\Autoloader\Autoloader->requireFile('D:\\project\\wart...')
#3 D:\project\wartegnusantara\system\Autoloader\Autoloader.php(258): CodeIgniter\Autoloader\Autoloader->loadInNamespace('App\\Models\\Kate...')
#4 [internal function]: CodeIgniter\Autoloader\Autoloader->loadClass('App\\Models\\Kate...')
#5 D:\project\wartegnusantara\app\Controllers\KategoriBahanMakanan.php(27): spl_autoload_call('App\\Models\\Kate...')
#6 D:\project\wartegnusantara\system\CodeIgniter.php(918): App\Controllers\KategoriBahanMakanan->index()
#7 D:\project\wartegnusantara\system\CodeIgniter.php(404): CodeIgniter\CodeIgniter->runController(Object(App\Controllers\KategoriBahanMakanan))
#8 D:\project\wartegnusantara\system\CodeIgniter.php(312): CodeIgniter\CodeIgniter->handleRequest(NULL, Object(Config\Cache), false)
#9 D:\project\wartegnusantara\public\index.php(45): CodeIgniter\CodeIgniter->run()
#10 D:\project\wartegnusantara\system\Commands\Server\rewrite.php(34): require_once('D:\\project\\wart...')
#11 {main}
CRITICAL - 2020-12-28 01:04:28 --> Declaration of App\Models\KategoriBahanMakananModel::delete() should be compatible with CodeIgniter\Model::delete($id = NULL, bool $purge = false)
#0 D:\project\wartegnusantara\app\Models\KategoriBahanMakananModel.php(4): CodeIgniter\Debug\Exceptions->errorHandler(2, 'Declaration of ...', 'D:\\project\\wart...', 4, Array)
#1 D:\project\wartegnusantara\system\Autoloader\Autoloader.php(365): require_once('D:\\project\\wart...')
#2 D:\project\wartegnusantara\system\Autoloader\Autoloader.php(296): CodeIgniter\Autoloader\Autoloader->requireFile('D:\\project\\wart...')
#3 D:\project\wartegnusantara\system\Autoloader\Autoloader.php(258): CodeIgniter\Autoloader\Autoloader->loadInNamespace('App\\Models\\Kate...')
#4 [internal function]: CodeIgniter\Autoloader\Autoloader->loadClass('App\\Models\\Kate...')
#5 D:\project\wartegnusantara\app\Controllers\KategoriBahanMakanan.php(27): spl_autoload_call('App\\Models\\Kate...')
#6 D:\project\wartegnusantara\system\CodeIgniter.php(918): App\Controllers\KategoriBahanMakanan->index()
#7 D:\project\wartegnusantara\system\CodeIgniter.php(404): CodeIgniter\CodeIgniter->runController(Object(App\Controllers\KategoriBahanMakanan))
#8 D:\project\wartegnusantara\system\CodeIgniter.php(312): CodeIgniter\CodeIgniter->handleRequest(NULL, Object(Config\Cache), false)
#9 D:\project\wartegnusantara\public\index.php(45): CodeIgniter\CodeIgniter->run()
#10 D:\project\wartegnusantara\system\Commands\Server\rewrite.php(34): require_once('D:\\project\\wart...')
#11 {main}
