CRITICAL - 2020-12-11 10:33:42 --> Cannot use CodeIgniter\Controller as Controller because the name is already in use
#0 [internal function]: CodeIgniter\Debug\Exceptions->shutdownHandler()
#1 {main}
CRITICAL - 2020-12-11 13:33:27 --> Undefined property: App\Controllers\TestDasboard::$session
#0 C:\xampp\htdocs\wartegnusantara\app\Controllers\TestDasboard.php(40): CodeIgniter\Debug\Exceptions->errorHandler(8, 'Undefined prope...', 'C:\\xampp\\htdocs...', 40, Array)
#1 C:\xampp\htdocs\wartegnusantara\system\CodeIgniter.php(918): App\Controllers\TestDasboard->login()
#2 C:\xampp\htdocs\wartegnusantara\system\CodeIgniter.php(404): CodeIgniter\CodeIgniter->runController(Object(App\Controllers\TestDasboard))
#3 C:\xampp\htdocs\wartegnusantara\system\CodeIgniter.php(312): CodeIgniter\CodeIgniter->handleRequest(NULL, Object(Config\Cache), false)
#4 C:\xampp\htdocs\wartegnusantara\public\index.php(45): CodeIgniter\CodeIgniter->run()
#5 C:\xampp\htdocs\wartegnusantara\system\Commands\Server\rewrite.php(34): require_once('C:\\xampp\\htdocs...')
#6 {main}
CRITICAL - 2020-12-11 13:35:20 --> Class 'App\Controllers\Controller' not found
#0 C:\xampp\htdocs\wartegnusantara\system\Router\Router.php(583): include_once()
#1 C:\xampp\htdocs\wartegnusantara\system\Router\Router.php(195): CodeIgniter\Router\Router->autoRoute('TestDasboard')
#2 C:\xampp\htdocs\wartegnusantara\system\CodeIgniter.php(793): CodeIgniter\Router\Router->handle('TestDasboard')
#3 C:\xampp\htdocs\wartegnusantara\system\CodeIgniter.php(364): CodeIgniter\CodeIgniter->tryToRouteIt(Object(CodeIgniter\Router\RouteCollection))
#4 C:\xampp\htdocs\wartegnusantara\system\CodeIgniter.php(312): CodeIgniter\CodeIgniter->handleRequest(NULL, Object(Config\Cache), false)
#5 C:\xampp\htdocs\wartegnusantara\public\index.php(45): CodeIgniter\CodeIgniter->run()
#6 C:\xampp\htdocs\wartegnusantara\system\Commands\Server\rewrite.php(34): require_once('C:\\xampp\\htdocs...')
#7 {main}
CRITICAL - 2020-12-11 13:35:21 --> Class 'App\Controllers\Controller' not found
#0 C:\xampp\htdocs\wartegnusantara\system\Router\Router.php(583): include_once()
#1 C:\xampp\htdocs\wartegnusantara\system\Router\Router.php(195): CodeIgniter\Router\Router->autoRoute('TestDasboard')
#2 C:\xampp\htdocs\wartegnusantara\system\CodeIgniter.php(793): CodeIgniter\Router\Router->handle('TestDasboard')
#3 C:\xampp\htdocs\wartegnusantara\system\CodeIgniter.php(364): CodeIgniter\CodeIgniter->tryToRouteIt(Object(CodeIgniter\Router\RouteCollection))
#4 C:\xampp\htdocs\wartegnusantara\system\CodeIgniter.php(312): CodeIgniter\CodeIgniter->handleRequest(NULL, Object(Config\Cache), false)
#5 C:\xampp\htdocs\wartegnusantara\public\index.php(45): CodeIgniter\CodeIgniter->run()
#6 C:\xampp\htdocs\wartegnusantara\system\Commands\Server\rewrite.php(34): require_once('C:\\xampp\\htdocs...')
#7 {main}
