CRITICAL - 2020-12-27 17:07:43 --> Unable to connect to the database.
#0 D:\project\wartegnusantara\system\Database\BaseConnection.php(646): CodeIgniter\Database\BaseConnection->initialize()
#1 D:\project\wartegnusantara\system\Database\BaseBuilder.php(1860): CodeIgniter\Database\BaseConnection->query('SELECT *\nFROM `...', Array, false)
#2 D:\project\wartegnusantara\system\Model.php(506): CodeIgniter\Database\BaseBuilder->get()
#3 D:\project\wartegnusantara\app\Controllers\Auth\LoginController.php(67): CodeIgniter\Model->first()
#4 D:\project\wartegnusantara\system\CodeIgniter.php(918): App\Controllers\Auth\LoginController->attemptLogin()
#5 D:\project\wartegnusantara\system\CodeIgniter.php(404): CodeIgniter\CodeIgniter->runController(Object(App\Controllers\Auth\LoginController))
#6 D:\project\wartegnusantara\system\CodeIgniter.php(312): CodeIgniter\CodeIgniter->handleRequest(NULL, Object(Config\Cache), false)
#7 D:\project\wartegnusantara\public\index.php(45): CodeIgniter\CodeIgniter->run()
#8 D:\project\wartegnusantara\system\Commands\Server\rewrite.php(34): require_once('D:\\project\\wart...')
#9 {main}
CRITICAL - 2020-12-27 17:08:02 --> Undefined index: firstname
#0 D:\project\wartegnusantara\app\Controllers\Auth\LoginController.php(84): CodeIgniter\Debug\Exceptions->errorHandler(8, 'Undefined index...', 'D:\\project\\wart...', 84, Array)
#1 D:\project\wartegnusantara\system\CodeIgniter.php(918): App\Controllers\Auth\LoginController->attemptLogin()
#2 D:\project\wartegnusantara\system\CodeIgniter.php(404): CodeIgniter\CodeIgniter->runController(Object(App\Controllers\Auth\LoginController))
#3 D:\project\wartegnusantara\system\CodeIgniter.php(312): CodeIgniter\CodeIgniter->handleRequest(NULL, Object(Config\Cache), false)
#4 D:\project\wartegnusantara\public\index.php(45): CodeIgniter\CodeIgniter->run()
#5 D:\project\wartegnusantara\system\Commands\Server\rewrite.php(34): require_once('D:\\project\\wart...')
#6 {main}
CRITICAL - 2020-12-27 17:20:07 --> Class 'App\Controllers\kategoribahanmakananModel' not found
#0 D:\project\wartegnusantara\system\CodeIgniter.php(918): App\Controllers\KategoriBahanMakanan->index()
#1 D:\project\wartegnusantara\system\CodeIgniter.php(404): CodeIgniter\CodeIgniter->runController(Object(App\Controllers\KategoriBahanMakanan))
#2 D:\project\wartegnusantara\system\CodeIgniter.php(312): CodeIgniter\CodeIgniter->handleRequest(NULL, Object(Config\Cache), false)
#3 D:\project\wartegnusantara\public\index.php(45): CodeIgniter\CodeIgniter->run()
#4 D:\project\wartegnusantara\system\Commands\Server\rewrite.php(34): require_once('D:\\project\\wart...')
#5 {main}
CRITICAL - 2020-12-27 17:20:54 --> Class 'App\Controllers\KategoriBahanMakananModel' not found
#0 D:\project\wartegnusantara\system\CodeIgniter.php(918): App\Controllers\KategoriBahanMakanan->index()
#1 D:\project\wartegnusantara\system\CodeIgniter.php(404): CodeIgniter\CodeIgniter->runController(Object(App\Controllers\KategoriBahanMakanan))
#2 D:\project\wartegnusantara\system\CodeIgniter.php(312): CodeIgniter\CodeIgniter->handleRequest(NULL, Object(Config\Cache), false)
#3 D:\project\wartegnusantara\public\index.php(45): CodeIgniter\CodeIgniter->run()
#4 D:\project\wartegnusantara\system\Commands\Server\rewrite.php(34): require_once('D:\\project\\wart...')
#5 {main}
CRITICAL - 2020-12-27 17:21:45 --> Call to undefined function App\Controllers\KategoriBahanMakananModel()
#0 D:\project\wartegnusantara\system\CodeIgniter.php(918): App\Controllers\KategoriBahanMakanan->index()
#1 D:\project\wartegnusantara\system\CodeIgniter.php(404): CodeIgniter\CodeIgniter->runController(Object(App\Controllers\KategoriBahanMakanan))
#2 D:\project\wartegnusantara\system\CodeIgniter.php(312): CodeIgniter\CodeIgniter->handleRequest(NULL, Object(Config\Cache), false)
#3 D:\project\wartegnusantara\public\index.php(45): CodeIgniter\CodeIgniter->run()
#4 D:\project\wartegnusantara\system\Commands\Server\rewrite.php(34): require_once('D:\\project\\wart...')
#5 {main}
CRITICAL - 2020-12-27 17:21:50 --> Call to undefined function App\Controllers\KategoriBahanMakananModel()
#0 D:\project\wartegnusantara\system\CodeIgniter.php(918): App\Controllers\KategoriBahanMakanan->index()
#1 D:\project\wartegnusantara\system\CodeIgniter.php(404): CodeIgniter\CodeIgniter->runController(Object(App\Controllers\KategoriBahanMakanan))
#2 D:\project\wartegnusantara\system\CodeIgniter.php(312): CodeIgniter\CodeIgniter->handleRequest(NULL, Object(Config\Cache), false)
#3 D:\project\wartegnusantara\public\index.php(45): CodeIgniter\CodeIgniter->run()
#4 D:\project\wartegnusantara\system\Commands\Server\rewrite.php(34): require_once('D:\\project\\wart...')
#5 {main}
CRITICAL - 2020-12-27 17:22:30 --> Class 'App\Models\KategoriBahanMakananModel' not found
#0 D:\project\wartegnusantara\system\CodeIgniter.php(918): App\Controllers\KategoriBahanMakanan->index()
#1 D:\project\wartegnusantara\system\CodeIgniter.php(404): CodeIgniter\CodeIgniter->runController(Object(App\Controllers\KategoriBahanMakanan))
#2 D:\project\wartegnusantara\system\CodeIgniter.php(312): CodeIgniter\CodeIgniter->handleRequest(NULL, Object(Config\Cache), false)
#3 D:\project\wartegnusantara\public\index.php(45): CodeIgniter\CodeIgniter->run()
#4 D:\project\wartegnusantara\system\Commands\Server\rewrite.php(34): require_once('D:\\project\\wart...')
#5 {main}
CRITICAL - 2020-12-27 17:23:32 --> Table 'wartegnusantara.categories' doesn't exist
#0 D:\project\wartegnusantara\system\Database\MySQLi\Connection.php(331): mysqli->query('SELECT *\nFROM `...')
#1 D:\project\wartegnusantara\system\Database\BaseConnection.php(741): CodeIgniter\Database\MySQLi\Connection->execute('SELECT *\nFROM `...')
#2 D:\project\wartegnusantara\system\Database\BaseConnection.php(669): CodeIgniter\Database\BaseConnection->simpleQuery('SELECT *\nFROM `...')
#3 D:\project\wartegnusantara\system\Database\BaseBuilder.php(1860): CodeIgniter\Database\BaseConnection->query('SELECT *\nFROM `...', Array, false)
#4 D:\project\wartegnusantara\system\Model.php(462): CodeIgniter\Database\BaseBuilder->get()
#5 D:\project\wartegnusantara\app\Models\KategoriBahanMakananModel.php(11): CodeIgniter\Model->findAll()
#6 D:\project\wartegnusantara\app\Controllers\KategoriBahanMakanan.php(28): App\Models\KategoriBahanMakananModel->getCategory()
#7 D:\project\wartegnusantara\system\CodeIgniter.php(918): App\Controllers\KategoriBahanMakanan->index()
#8 D:\project\wartegnusantara\system\CodeIgniter.php(404): CodeIgniter\CodeIgniter->runController(Object(App\Controllers\KategoriBahanMakanan))
#9 D:\project\wartegnusantara\system\CodeIgniter.php(312): CodeIgniter\CodeIgniter->handleRequest(NULL, Object(Config\Cache), false)
#10 D:\project\wartegnusantara\public\index.php(45): CodeIgniter\CodeIgniter->run()
#11 D:\project\wartegnusantara\system\Commands\Server\rewrite.php(34): require_once('D:\\project\\wart...')
#12 {main}
CRITICAL - 2020-12-27 17:34:26 --> Undefined index: category_name
#0 D:\project\wartegnusantara\app\Views\KategoriBahanMakanan\index.php(50): CodeIgniter\Debug\Exceptions->errorHandler(8, 'Undefined index...', 'D:\\project\\wart...', 50, Array)
#1 D:\project\wartegnusantara\system\View\View.php(246): include('D:\\project\\wart...')
#2 D:\project\wartegnusantara\system\Common.php(1119): CodeIgniter\View\View->render('kategoribahanma...', Array, true)
#3 D:\project\wartegnusantara\app\Controllers\KategoriBahanMakanan.php(32): view('kategoribahanma...', Array)
#4 D:\project\wartegnusantara\system\CodeIgniter.php(918): App\Controllers\KategoriBahanMakanan->index()
#5 D:\project\wartegnusantara\system\CodeIgniter.php(404): CodeIgniter\CodeIgniter->runController(Object(App\Controllers\KategoriBahanMakanan))
#6 D:\project\wartegnusantara\system\CodeIgniter.php(312): CodeIgniter\CodeIgniter->handleRequest(NULL, Object(Config\Cache), false)
#7 D:\project\wartegnusantara\public\index.php(45): CodeIgniter\CodeIgniter->run()
#8 D:\project\wartegnusantara\system\Commands\Server\rewrite.php(34): require_once('D:\\project\\wart...')
#9 {main}
CRITICAL - 2020-12-27 17:37:15 --> Undefined index: category_name
#0 D:\project\wartegnusantara\app\Views\KategoriBahanMakanan\index.php(50): CodeIgniter\Debug\Exceptions->errorHandler(8, 'Undefined index...', 'D:\\project\\wart...', 50, Array)
#1 D:\project\wartegnusantara\system\View\View.php(246): include('D:\\project\\wart...')
#2 D:\project\wartegnusantara\system\Common.php(1119): CodeIgniter\View\View->render('kategoribahanma...', Array, true)
#3 D:\project\wartegnusantara\app\Controllers\KategoriBahanMakanan.php(32): view('kategoribahanma...', Array)
#4 D:\project\wartegnusantara\system\CodeIgniter.php(918): App\Controllers\KategoriBahanMakanan->index()
#5 D:\project\wartegnusantara\system\CodeIgniter.php(404): CodeIgniter\CodeIgniter->runController(Object(App\Controllers\KategoriBahanMakanan))
#6 D:\project\wartegnusantara\system\CodeIgniter.php(312): CodeIgniter\CodeIgniter->handleRequest(NULL, Object(Config\Cache), false)
#7 D:\project\wartegnusantara\public\index.php(45): CodeIgniter\CodeIgniter->run()
#8 D:\project\wartegnusantara\system\Commands\Server\rewrite.php(34): require_once('D:\\project\\wart...')
#9 {main}
CRITICAL - 2020-12-27 17:44:45 --> Undefined index: category_id
#0 D:\project\wartegnusantara\app\Views\KategoriBahanMakanan\index.php(54): CodeIgniter\Debug\Exceptions->errorHandler(8, 'Undefined index...', 'D:\\project\\wart...', 54, Array)
#1 D:\project\wartegnusantara\system\View\View.php(246): include('D:\\project\\wart...')
#2 D:\project\wartegnusantara\system\Common.php(1119): CodeIgniter\View\View->render('kategoribahanma...', Array, true)
#3 D:\project\wartegnusantara\app\Controllers\KategoriBahanMakanan.php(32): view('kategoribahanma...', Array)
#4 D:\project\wartegnusantara\system\CodeIgniter.php(918): App\Controllers\KategoriBahanMakanan->index()
#5 D:\project\wartegnusantara\system\CodeIgniter.php(404): CodeIgniter\CodeIgniter->runController(Object(App\Controllers\KategoriBahanMakanan))
#6 D:\project\wartegnusantara\system\CodeIgniter.php(312): CodeIgniter\CodeIgniter->handleRequest(NULL, Object(Config\Cache), false)
#7 D:\project\wartegnusantara\public\index.php(45): CodeIgniter\CodeIgniter->run()
#8 D:\project\wartegnusantara\system\Commands\Server\rewrite.php(34): require_once('D:\\project\\wart...')
#9 {main}
CRITICAL - 2020-12-27 17:45:34 --> Undefined index: category_id
#0 D:\project\wartegnusantara\app\Views\KategoriBahanMakanan\index.php(54): CodeIgniter\Debug\Exceptions->errorHandler(8, 'Undefined index...', 'D:\\project\\wart...', 54, Array)
#1 D:\project\wartegnusantara\system\View\View.php(246): include('D:\\project\\wart...')
#2 D:\project\wartegnusantara\system\Common.php(1119): CodeIgniter\View\View->render('kategoribahanma...', Array, true)
#3 D:\project\wartegnusantara\app\Controllers\KategoriBahanMakanan.php(32): view('kategoribahanma...', Array)
#4 D:\project\wartegnusantara\system\CodeIgniter.php(918): App\Controllers\KategoriBahanMakanan->index()
#5 D:\project\wartegnusantara\system\CodeIgniter.php(404): CodeIgniter\CodeIgniter->runController(Object(App\Controllers\KategoriBahanMakanan))
#6 D:\project\wartegnusantara\system\CodeIgniter.php(312): CodeIgniter\CodeIgniter->handleRequest(NULL, Object(Config\Cache), false)
#7 D:\project\wartegnusantara\public\index.php(45): CodeIgniter\CodeIgniter->run()
#8 D:\project\wartegnusantara\system\Commands\Server\rewrite.php(34): require_once('D:\\project\\wart...')
#9 {main}
CRITICAL - 2020-12-27 18:12:38 --> category is not a validation rules group.
#0 D:\project\wartegnusantara\system\Validation\Validation.php(619): CodeIgniter\Validation\Exceptions\ValidationException::forGroupNotFound('category')
#1 D:\project\wartegnusantara\system\Validation\Validation.php(149): CodeIgniter\Validation\Validation->loadRuleGroup('category')
#2 D:\project\wartegnusantara\app\Controllers\KategoriBahanMakanan.php(54): CodeIgniter\Validation\Validation->run(Array, 'category')
#3 D:\project\wartegnusantara\system\CodeIgniter.php(918): App\Controllers\KategoriBahanMakanan->store()
#4 D:\project\wartegnusantara\system\CodeIgniter.php(404): CodeIgniter\CodeIgniter->runController(Object(App\Controllers\KategoriBahanMakanan))
#5 D:\project\wartegnusantara\system\CodeIgniter.php(312): CodeIgniter\CodeIgniter->handleRequest(NULL, Object(Config\Cache), false)
#6 D:\project\wartegnusantara\public\index.php(45): CodeIgniter\CodeIgniter->run()
#7 D:\project\wartegnusantara\system\Commands\Server\rewrite.php(34): require_once('D:\\project\\wart...')
#8 {main}
CRITICAL - 2020-12-27 18:13:30 --> category is not a validation rules group.
#0 D:\project\wartegnusantara\system\Validation\Validation.php(619): CodeIgniter\Validation\Exceptions\ValidationException::forGroupNotFound('category')
#1 D:\project\wartegnusantara\system\Validation\Validation.php(149): CodeIgniter\Validation\Validation->loadRuleGroup('category')
#2 D:\project\wartegnusantara\app\Controllers\KategoriBahanMakanan.php(54): CodeIgniter\Validation\Validation->run(Array, 'category')
#3 D:\project\wartegnusantara\system\CodeIgniter.php(918): App\Controllers\KategoriBahanMakanan->store()
#4 D:\project\wartegnusantara\system\CodeIgniter.php(404): CodeIgniter\CodeIgniter->runController(Object(App\Controllers\KategoriBahanMakanan))
#5 D:\project\wartegnusantara\system\CodeIgniter.php(312): CodeIgniter\CodeIgniter->handleRequest(NULL, Object(Config\Cache), false)
#6 D:\project\wartegnusantara\public\index.php(45): CodeIgniter\CodeIgniter->run()
#7 D:\project\wartegnusantara\system\Commands\Server\rewrite.php(34): require_once('D:\\project\\wart...')
#8 {main}
CRITICAL - 2020-12-27 18:13:31 --> category is not a validation rules group.
#0 D:\project\wartegnusantara\system\Validation\Validation.php(619): CodeIgniter\Validation\Exceptions\ValidationException::forGroupNotFound('category')
#1 D:\project\wartegnusantara\system\Validation\Validation.php(149): CodeIgniter\Validation\Validation->loadRuleGroup('category')
#2 D:\project\wartegnusantara\app\Controllers\KategoriBahanMakanan.php(54): CodeIgniter\Validation\Validation->run(Array, 'category')
#3 D:\project\wartegnusantara\system\CodeIgniter.php(918): App\Controllers\KategoriBahanMakanan->store()
#4 D:\project\wartegnusantara\system\CodeIgniter.php(404): CodeIgniter\CodeIgniter->runController(Object(App\Controllers\KategoriBahanMakanan))
#5 D:\project\wartegnusantara\system\CodeIgniter.php(312): CodeIgniter\CodeIgniter->handleRequest(NULL, Object(Config\Cache), false)
#6 D:\project\wartegnusantara\public\index.php(45): CodeIgniter\CodeIgniter->run()
#7 D:\project\wartegnusantara\system\Commands\Server\rewrite.php(34): require_once('D:\\project\\wart...')
#8 {main}
CRITICAL - 2020-12-27 18:13:32 --> category is not a validation rules group.
#0 D:\project\wartegnusantara\system\Validation\Validation.php(619): CodeIgniter\Validation\Exceptions\ValidationException::forGroupNotFound('category')
#1 D:\project\wartegnusantara\system\Validation\Validation.php(149): CodeIgniter\Validation\Validation->loadRuleGroup('category')
#2 D:\project\wartegnusantara\app\Controllers\KategoriBahanMakanan.php(54): CodeIgniter\Validation\Validation->run(Array, 'category')
#3 D:\project\wartegnusantara\system\CodeIgniter.php(918): App\Controllers\KategoriBahanMakanan->store()
#4 D:\project\wartegnusantara\system\CodeIgniter.php(404): CodeIgniter\CodeIgniter->runController(Object(App\Controllers\KategoriBahanMakanan))
#5 D:\project\wartegnusantara\system\CodeIgniter.php(312): CodeIgniter\CodeIgniter->handleRequest(NULL, Object(Config\Cache), false)
#6 D:\project\wartegnusantara\public\index.php(45): CodeIgniter\CodeIgniter->run()
#7 D:\project\wartegnusantara\system\Commands\Server\rewrite.php(34): require_once('D:\\project\\wart...')
#8 {main}
CRITICAL - 2020-12-27 18:15:17 --> KategoriBahanMakanan is not a validation rules group.
#0 D:\project\wartegnusantara\system\Validation\Validation.php(619): CodeIgniter\Validation\Exceptions\ValidationException::forGroupNotFound('KategoriBahanMa...')
#1 D:\project\wartegnusantara\system\Validation\Validation.php(149): CodeIgniter\Validation\Validation->loadRuleGroup('KategoriBahanMa...')
#2 D:\project\wartegnusantara\app\Controllers\KategoriBahanMakanan.php(54): CodeIgniter\Validation\Validation->run(Array, 'KategoriBahanMa...')
#3 D:\project\wartegnusantara\system\CodeIgniter.php(918): App\Controllers\KategoriBahanMakanan->store()
#4 D:\project\wartegnusantara\system\CodeIgniter.php(404): CodeIgniter\CodeIgniter->runController(Object(App\Controllers\KategoriBahanMakanan))
#5 D:\project\wartegnusantara\system\CodeIgniter.php(312): CodeIgniter\CodeIgniter->handleRequest(NULL, Object(Config\Cache), false)
#6 D:\project\wartegnusantara\public\index.php(45): CodeIgniter\CodeIgniter->run()
#7 D:\project\wartegnusantara\system\Commands\Server\rewrite.php(34): require_once('D:\\project\\wart...')
#8 {main}
CRITICAL - 2020-12-27 18:15:19 --> KategoriBahanMakanan is not a validation rules group.
#0 D:\project\wartegnusantara\system\Validation\Validation.php(619): CodeIgniter\Validation\Exceptions\ValidationException::forGroupNotFound('KategoriBahanMa...')
#1 D:\project\wartegnusantara\system\Validation\Validation.php(149): CodeIgniter\Validation\Validation->loadRuleGroup('KategoriBahanMa...')
#2 D:\project\wartegnusantara\app\Controllers\KategoriBahanMakanan.php(54): CodeIgniter\Validation\Validation->run(Array, 'KategoriBahanMa...')
#3 D:\project\wartegnusantara\system\CodeIgniter.php(918): App\Controllers\KategoriBahanMakanan->store()
#4 D:\project\wartegnusantara\system\CodeIgniter.php(404): CodeIgniter\CodeIgniter->runController(Object(App\Controllers\KategoriBahanMakanan))
#5 D:\project\wartegnusantara\system\CodeIgniter.php(312): CodeIgniter\CodeIgniter->handleRequest(NULL, Object(Config\Cache), false)
#6 D:\project\wartegnusantara\public\index.php(45): CodeIgniter\CodeIgniter->run()
#7 D:\project\wartegnusantara\system\Commands\Server\rewrite.php(34): require_once('D:\\project\\wart...')
#8 {main}
CRITICAL - 2020-12-27 18:15:19 --> KategoriBahanMakanan is not a validation rules group.
#0 D:\project\wartegnusantara\system\Validation\Validation.php(619): CodeIgniter\Validation\Exceptions\ValidationException::forGroupNotFound('KategoriBahanMa...')
#1 D:\project\wartegnusantara\system\Validation\Validation.php(149): CodeIgniter\Validation\Validation->loadRuleGroup('KategoriBahanMa...')
#2 D:\project\wartegnusantara\app\Controllers\KategoriBahanMakanan.php(54): CodeIgniter\Validation\Validation->run(Array, 'KategoriBahanMa...')
#3 D:\project\wartegnusantara\system\CodeIgniter.php(918): App\Controllers\KategoriBahanMakanan->store()
#4 D:\project\wartegnusantara\system\CodeIgniter.php(404): CodeIgniter\CodeIgniter->runController(Object(App\Controllers\KategoriBahanMakanan))
#5 D:\project\wartegnusantara\system\CodeIgniter.php(312): CodeIgniter\CodeIgniter->handleRequest(NULL, Object(Config\Cache), false)
#6 D:\project\wartegnusantara\public\index.php(45): CodeIgniter\CodeIgniter->run()
#7 D:\project\wartegnusantara\system\Commands\Server\rewrite.php(34): require_once('D:\\project\\wart...')
#8 {main}
CRITICAL - 2020-12-27 18:15:20 --> KategoriBahanMakanan is not a validation rules group.
#0 D:\project\wartegnusantara\system\Validation\Validation.php(619): CodeIgniter\Validation\Exceptions\ValidationException::forGroupNotFound('KategoriBahanMa...')
#1 D:\project\wartegnusantara\system\Validation\Validation.php(149): CodeIgniter\Validation\Validation->loadRuleGroup('KategoriBahanMa...')
#2 D:\project\wartegnusantara\app\Controllers\KategoriBahanMakanan.php(54): CodeIgniter\Validation\Validation->run(Array, 'KategoriBahanMa...')
#3 D:\project\wartegnusantara\system\CodeIgniter.php(918): App\Controllers\KategoriBahanMakanan->store()
#4 D:\project\wartegnusantara\system\CodeIgniter.php(404): CodeIgniter\CodeIgniter->runController(Object(App\Controllers\KategoriBahanMakanan))
#5 D:\project\wartegnusantara\system\CodeIgniter.php(312): CodeIgniter\CodeIgniter->handleRequest(NULL, Object(Config\Cache), false)
#6 D:\project\wartegnusantara\public\index.php(45): CodeIgniter\CodeIgniter->run()
#7 D:\project\wartegnusantara\system\Commands\Server\rewrite.php(34): require_once('D:\\project\\wart...')
#8 {main}
CRITICAL - 2020-12-27 18:15:20 --> KategoriBahanMakanan is not a validation rules group.
#0 D:\project\wartegnusantara\system\Validation\Validation.php(619): CodeIgniter\Validation\Exceptions\ValidationException::forGroupNotFound('KategoriBahanMa...')
#1 D:\project\wartegnusantara\system\Validation\Validation.php(149): CodeIgniter\Validation\Validation->loadRuleGroup('KategoriBahanMa...')
#2 D:\project\wartegnusantara\app\Controllers\KategoriBahanMakanan.php(54): CodeIgniter\Validation\Validation->run(Array, 'KategoriBahanMa...')
#3 D:\project\wartegnusantara\system\CodeIgniter.php(918): App\Controllers\KategoriBahanMakanan->store()
#4 D:\project\wartegnusantara\system\CodeIgniter.php(404): CodeIgniter\CodeIgniter->runController(Object(App\Controllers\KategoriBahanMakanan))
#5 D:\project\wartegnusantara\system\CodeIgniter.php(312): CodeIgniter\CodeIgniter->handleRequest(NULL, Object(Config\Cache), false)
#6 D:\project\wartegnusantara\public\index.php(45): CodeIgniter\CodeIgniter->run()
#7 D:\project\wartegnusantara\system\Commands\Server\rewrite.php(34): require_once('D:\\project\\wart...')
#8 {main}
CRITICAL - 2020-12-27 18:15:20 --> KategoriBahanMakanan is not a validation rules group.
#0 D:\project\wartegnusantara\system\Validation\Validation.php(619): CodeIgniter\Validation\Exceptions\ValidationException::forGroupNotFound('KategoriBahanMa...')
#1 D:\project\wartegnusantara\system\Validation\Validation.php(149): CodeIgniter\Validation\Validation->loadRuleGroup('KategoriBahanMa...')
#2 D:\project\wartegnusantara\app\Controllers\KategoriBahanMakanan.php(54): CodeIgniter\Validation\Validation->run(Array, 'KategoriBahanMa...')
#3 D:\project\wartegnusantara\system\CodeIgniter.php(918): App\Controllers\KategoriBahanMakanan->store()
#4 D:\project\wartegnusantara\system\CodeIgniter.php(404): CodeIgniter\CodeIgniter->runController(Object(App\Controllers\KategoriBahanMakanan))
#5 D:\project\wartegnusantara\system\CodeIgniter.php(312): CodeIgniter\CodeIgniter->handleRequest(NULL, Object(Config\Cache), false)
#6 D:\project\wartegnusantara\public\index.php(45): CodeIgniter\CodeIgniter->run()
#7 D:\project\wartegnusantara\system\Commands\Server\rewrite.php(34): require_once('D:\\project\\wart...')
#8 {main}
CRITICAL - 2020-12-27 18:15:20 --> KategoriBahanMakanan is not a validation rules group.
#0 D:\project\wartegnusantara\system\Validation\Validation.php(619): CodeIgniter\Validation\Exceptions\ValidationException::forGroupNotFound('KategoriBahanMa...')
#1 D:\project\wartegnusantara\system\Validation\Validation.php(149): CodeIgniter\Validation\Validation->loadRuleGroup('KategoriBahanMa...')
#2 D:\project\wartegnusantara\app\Controllers\KategoriBahanMakanan.php(54): CodeIgniter\Validation\Validation->run(Array, 'KategoriBahanMa...')
#3 D:\project\wartegnusantara\system\CodeIgniter.php(918): App\Controllers\KategoriBahanMakanan->store()
#4 D:\project\wartegnusantara\system\CodeIgniter.php(404): CodeIgniter\CodeIgniter->runController(Object(App\Controllers\KategoriBahanMakanan))
#5 D:\project\wartegnusantara\system\CodeIgniter.php(312): CodeIgniter\CodeIgniter->handleRequest(NULL, Object(Config\Cache), false)
#6 D:\project\wartegnusantara\public\index.php(45): CodeIgniter\CodeIgniter->run()
#7 D:\project\wartegnusantara\system\Commands\Server\rewrite.php(34): require_once('D:\\project\\wart...')
#8 {main}
CRITICAL - 2020-12-27 18:15:21 --> KategoriBahanMakanan is not a validation rules group.
#0 D:\project\wartegnusantara\system\Validation\Validation.php(619): CodeIgniter\Validation\Exceptions\ValidationException::forGroupNotFound('KategoriBahanMa...')
#1 D:\project\wartegnusantara\system\Validation\Validation.php(149): CodeIgniter\Validation\Validation->loadRuleGroup('KategoriBahanMa...')
#2 D:\project\wartegnusantara\app\Controllers\KategoriBahanMakanan.php(54): CodeIgniter\Validation\Validation->run(Array, 'KategoriBahanMa...')
#3 D:\project\wartegnusantara\system\CodeIgniter.php(918): App\Controllers\KategoriBahanMakanan->store()
#4 D:\project\wartegnusantara\system\CodeIgniter.php(404): CodeIgniter\CodeIgniter->runController(Object(App\Controllers\KategoriBahanMakanan))
#5 D:\project\wartegnusantara\system\CodeIgniter.php(312): CodeIgniter\CodeIgniter->handleRequest(NULL, Object(Config\Cache), false)
#6 D:\project\wartegnusantara\public\index.php(45): CodeIgniter\CodeIgniter->run()
#7 D:\project\wartegnusantara\system\Commands\Server\rewrite.php(34): require_once('D:\\project\\wart...')
#8 {main}
CRITICAL - 2020-12-27 18:15:21 --> KategoriBahanMakanan is not a validation rules group.
#0 D:\project\wartegnusantara\system\Validation\Validation.php(619): CodeIgniter\Validation\Exceptions\ValidationException::forGroupNotFound('KategoriBahanMa...')
#1 D:\project\wartegnusantara\system\Validation\Validation.php(149): CodeIgniter\Validation\Validation->loadRuleGroup('KategoriBahanMa...')
#2 D:\project\wartegnusantara\app\Controllers\KategoriBahanMakanan.php(54): CodeIgniter\Validation\Validation->run(Array, 'KategoriBahanMa...')
#3 D:\project\wartegnusantara\system\CodeIgniter.php(918): App\Controllers\KategoriBahanMakanan->store()
#4 D:\project\wartegnusantara\system\CodeIgniter.php(404): CodeIgniter\CodeIgniter->runController(Object(App\Controllers\KategoriBahanMakanan))
#5 D:\project\wartegnusantara\system\CodeIgniter.php(312): CodeIgniter\CodeIgniter->handleRequest(NULL, Object(Config\Cache), false)
#6 D:\project\wartegnusantara\public\index.php(45): CodeIgniter\CodeIgniter->run()
#7 D:\project\wartegnusantara\system\Commands\Server\rewrite.php(34): require_once('D:\\project\\wart...')
#8 {main}
CRITICAL - 2020-12-27 18:15:21 --> KategoriBahanMakanan is not a validation rules group.
#0 D:\project\wartegnusantara\system\Validation\Validation.php(619): CodeIgniter\Validation\Exceptions\ValidationException::forGroupNotFound('KategoriBahanMa...')
#1 D:\project\wartegnusantara\system\Validation\Validation.php(149): CodeIgniter\Validation\Validation->loadRuleGroup('KategoriBahanMa...')
#2 D:\project\wartegnusantara\app\Controllers\KategoriBahanMakanan.php(54): CodeIgniter\Validation\Validation->run(Array, 'KategoriBahanMa...')
#3 D:\project\wartegnusantara\system\CodeIgniter.php(918): App\Controllers\KategoriBahanMakanan->store()
#4 D:\project\wartegnusantara\system\CodeIgniter.php(404): CodeIgniter\CodeIgniter->runController(Object(App\Controllers\KategoriBahanMakanan))
#5 D:\project\wartegnusantara\system\CodeIgniter.php(312): CodeIgniter\CodeIgniter->handleRequest(NULL, Object(Config\Cache), false)
#6 D:\project\wartegnusantara\public\index.php(45): CodeIgniter\CodeIgniter->run()
#7 D:\project\wartegnusantara\system\Commands\Server\rewrite.php(34): require_once('D:\\project\\wart...')
#8 {main}
CRITICAL - 2020-12-27 18:18:08 --> Undefined index: NamaKategori
#0 D:\project\wartegnusantara\app\Views\KategoriBahanMakanan\create.php(41): CodeIgniter\Debug\Exceptions->errorHandler(8, 'Undefined index...', 'D:\\project\\wart...', 41, Array)
#1 D:\project\wartegnusantara\system\View\View.php(246): include('D:\\project\\wart...')
#2 D:\project\wartegnusantara\system\Common.php(1119): CodeIgniter\View\View->render('KategoriBahanMa...', Array, true)
#3 D:\project\wartegnusantara\app\Controllers\KategoriBahanMakanan.php(40): view('KategoriBahanMa...')
#4 D:\project\wartegnusantara\system\CodeIgniter.php(918): App\Controllers\KategoriBahanMakanan->create()
#5 D:\project\wartegnusantara\system\CodeIgniter.php(404): CodeIgniter\CodeIgniter->runController(Object(App\Controllers\KategoriBahanMakanan))
#6 D:\project\wartegnusantara\system\CodeIgniter.php(312): CodeIgniter\CodeIgniter->handleRequest(NULL, Object(Config\Cache), false)
#7 D:\project\wartegnusantara\public\index.php(45): CodeIgniter\CodeIgniter->run()
#8 D:\project\wartegnusantara\system\Commands\Server\rewrite.php(34): require_once('D:\\project\\wart...')
#9 {main}
CRITICAL - 2020-12-27 18:19:50 --> Undefined index: NamaKategori
#0 D:\project\wartegnusantara\app\Views\KategoriBahanMakanan\create.php(41): CodeIgniter\Debug\Exceptions->errorHandler(8, 'Undefined index...', 'D:\\project\\wart...', 41, Array)
#1 D:\project\wartegnusantara\system\View\View.php(246): include('D:\\project\\wart...')
#2 D:\project\wartegnusantara\system\Common.php(1119): CodeIgniter\View\View->render('KategoriBahanMa...', Array, true)
#3 D:\project\wartegnusantara\app\Controllers\KategoriBahanMakanan.php(40): view('KategoriBahanMa...')
#4 D:\project\wartegnusantara\system\CodeIgniter.php(918): App\Controllers\KategoriBahanMakanan->create()
#5 D:\project\wartegnusantara\system\CodeIgniter.php(404): CodeIgniter\CodeIgniter->runController(Object(App\Controllers\KategoriBahanMakanan))
#6 D:\project\wartegnusantara\system\CodeIgniter.php(312): CodeIgniter\CodeIgniter->handleRequest(NULL, Object(Config\Cache), false)
#7 D:\project\wartegnusantara\public\index.php(45): CodeIgniter\CodeIgniter->run()
#8 D:\project\wartegnusantara\system\Commands\Server\rewrite.php(34): require_once('D:\\project\\wart...')
#9 {main}
CRITICAL - 2020-12-27 18:20:45 --> Undefined index: NamaKategori
#0 D:\project\wartegnusantara\app\Views\KategoriBahanMakanan\create.php(41): CodeIgniter\Debug\Exceptions->errorHandler(8, 'Undefined index...', 'D:\\project\\wart...', 41, Array)
#1 D:\project\wartegnusantara\system\View\View.php(246): include('D:\\project\\wart...')
#2 D:\project\wartegnusantara\system\Common.php(1119): CodeIgniter\View\View->render('KategoriBahanMa...', Array, true)
#3 D:\project\wartegnusantara\app\Controllers\KategoriBahanMakanan.php(40): view('KategoriBahanMa...')
#4 D:\project\wartegnusantara\system\CodeIgniter.php(918): App\Controllers\KategoriBahanMakanan->create()
#5 D:\project\wartegnusantara\system\CodeIgniter.php(404): CodeIgniter\CodeIgniter->runController(Object(App\Controllers\KategoriBahanMakanan))
#6 D:\project\wartegnusantara\system\CodeIgniter.php(312): CodeIgniter\CodeIgniter->handleRequest(NULL, Object(Config\Cache), false)
#7 D:\project\wartegnusantara\public\index.php(45): CodeIgniter\CodeIgniter->run()
#8 D:\project\wartegnusantara\system\Commands\Server\rewrite.php(34): require_once('D:\\project\\wart...')
#9 {main}
CRITICAL - 2020-12-27 18:20:50 --> Undefined index: NamaKategori
#0 D:\project\wartegnusantara\app\Views\KategoriBahanMakanan\create.php(41): CodeIgniter\Debug\Exceptions->errorHandler(8, 'Undefined index...', 'D:\\project\\wart...', 41, Array)
#1 D:\project\wartegnusantara\system\View\View.php(246): include('D:\\project\\wart...')
#2 D:\project\wartegnusantara\system\Common.php(1119): CodeIgniter\View\View->render('KategoriBahanMa...', Array, true)
#3 D:\project\wartegnusantara\app\Controllers\KategoriBahanMakanan.php(40): view('KategoriBahanMa...')
#4 D:\project\wartegnusantara\system\CodeIgniter.php(918): App\Controllers\KategoriBahanMakanan->create()
#5 D:\project\wartegnusantara\system\CodeIgniter.php(404): CodeIgniter\CodeIgniter->runController(Object(App\Controllers\KategoriBahanMakanan))
#6 D:\project\wartegnusantara\system\CodeIgniter.php(312): CodeIgniter\CodeIgniter->handleRequest(NULL, Object(Config\Cache), false)
#7 D:\project\wartegnusantara\public\index.php(45): CodeIgniter\CodeIgniter->run()
#8 D:\project\wartegnusantara\system\Commands\Server\rewrite.php(34): require_once('D:\\project\\wart...')
#9 {main}
CRITICAL - 2020-12-27 18:22:43 --> Undefined index: NamaKategori
#0 D:\project\wartegnusantara\app\Views\KategoriBahanMakanan\create.php(41): CodeIgniter\Debug\Exceptions->errorHandler(8, 'Undefined index...', 'D:\\project\\wart...', 41, Array)
#1 D:\project\wartegnusantara\system\View\View.php(246): include('D:\\project\\wart...')
#2 D:\project\wartegnusantara\system\Common.php(1119): CodeIgniter\View\View->render('KategoriBahanMa...', Array, true)
#3 D:\project\wartegnusantara\app\Controllers\KategoriBahanMakanan.php(40): view('KategoriBahanMa...')
#4 D:\project\wartegnusantara\system\CodeIgniter.php(918): App\Controllers\KategoriBahanMakanan->create()
#5 D:\project\wartegnusantara\system\CodeIgniter.php(404): CodeIgniter\CodeIgniter->runController(Object(App\Controllers\KategoriBahanMakanan))
#6 D:\project\wartegnusantara\system\CodeIgniter.php(312): CodeIgniter\CodeIgniter->handleRequest(NULL, Object(Config\Cache), false)
#7 D:\project\wartegnusantara\public\index.php(45): CodeIgniter\CodeIgniter->run()
#8 D:\project\wartegnusantara\system\Commands\Server\rewrite.php(34): require_once('D:\\project\\wart...')
#9 {main}
CRITICAL - 2020-12-27 18:23:51 --> Undefined index: NamaKategori
#0 D:\project\wartegnusantara\app\Views\KategoriBahanMakanan\create.php(41): CodeIgniter\Debug\Exceptions->errorHandler(8, 'Undefined index...', 'D:\\project\\wart...', 41, Array)
#1 D:\project\wartegnusantara\system\View\View.php(246): include('D:\\project\\wart...')
#2 D:\project\wartegnusantara\system\Common.php(1119): CodeIgniter\View\View->render('KategoriBahanMa...', Array, true)
#3 D:\project\wartegnusantara\app\Controllers\KategoriBahanMakanan.php(40): view('KategoriBahanMa...')
#4 D:\project\wartegnusantara\system\CodeIgniter.php(918): App\Controllers\KategoriBahanMakanan->create()
#5 D:\project\wartegnusantara\system\CodeIgniter.php(404): CodeIgniter\CodeIgniter->runController(Object(App\Controllers\KategoriBahanMakanan))
#6 D:\project\wartegnusantara\system\CodeIgniter.php(312): CodeIgniter\CodeIgniter->handleRequest(NULL, Object(Config\Cache), false)
#7 D:\project\wartegnusantara\public\index.php(45): CodeIgniter\CodeIgniter->run()
#8 D:\project\wartegnusantara\system\Commands\Server\rewrite.php(34): require_once('D:\\project\\wart...')
#9 {main}
CRITICAL - 2020-12-27 18:31:23 --> Undefined variable: NamaKategori
#0 D:\project\wartegnusantara\app\Controllers\KategoriBahanMakanan.php(47): CodeIgniter\Debug\Exceptions->errorHandler(8, 'Undefined varia...', 'D:\\project\\wart...', 47, Array)
#1 D:\project\wartegnusantara\system\CodeIgniter.php(918): App\Controllers\KategoriBahanMakanan->store()
#2 D:\project\wartegnusantara\system\CodeIgniter.php(404): CodeIgniter\CodeIgniter->runController(Object(App\Controllers\KategoriBahanMakanan))
#3 D:\project\wartegnusantara\system\CodeIgniter.php(312): CodeIgniter\CodeIgniter->handleRequest(NULL, Object(Config\Cache), false)
#4 D:\project\wartegnusantara\public\index.php(45): CodeIgniter\CodeIgniter->run()
#5 D:\project\wartegnusantara\system\Commands\Server\rewrite.php(34): require_once('D:\\project\\wart...')
#6 {main}
CRITICAL - 2020-12-27 18:32:27 --> Undefined variable: NamaKategori
#0 D:\project\wartegnusantara\app\Controllers\KategoriBahanMakanan.php(54): CodeIgniter\Debug\Exceptions->errorHandler(8, 'Undefined varia...', 'D:\\project\\wart...', 54, Array)
#1 D:\project\wartegnusantara\system\CodeIgniter.php(918): App\Controllers\KategoriBahanMakanan->store()
#2 D:\project\wartegnusantara\system\CodeIgniter.php(404): CodeIgniter\CodeIgniter->runController(Object(App\Controllers\KategoriBahanMakanan))
#3 D:\project\wartegnusantara\system\CodeIgniter.php(312): CodeIgniter\CodeIgniter->handleRequest(NULL, Object(Config\Cache), false)
#4 D:\project\wartegnusantara\public\index.php(45): CodeIgniter\CodeIgniter->run()
#5 D:\project\wartegnusantara\system\Commands\Server\rewrite.php(34): require_once('D:\\project\\wart...')
#6 {main}
CRITICAL - 2020-12-27 18:33:02 --> Call to undefined method CodeIgniter\HTTP\IncomingRequest::get()
#0 D:\project\wartegnusantara\system\CodeIgniter.php(918): App\Controllers\KategoriBahanMakanan->store()
#1 D:\project\wartegnusantara\system\CodeIgniter.php(404): CodeIgniter\CodeIgniter->runController(Object(App\Controllers\KategoriBahanMakanan))
#2 D:\project\wartegnusantara\system\CodeIgniter.php(312): CodeIgniter\CodeIgniter->handleRequest(NULL, Object(Config\Cache), false)
#3 D:\project\wartegnusantara\public\index.php(45): CodeIgniter\CodeIgniter->run()
#4 D:\project\wartegnusantara\system\Commands\Server\rewrite.php(34): require_once('D:\\project\\wart...')
#5 {main}
CRITICAL - 2020-12-27 18:33:03 --> Call to undefined method CodeIgniter\HTTP\IncomingRequest::get()
#0 D:\project\wartegnusantara\system\CodeIgniter.php(918): App\Controllers\KategoriBahanMakanan->store()
#1 D:\project\wartegnusantara\system\CodeIgniter.php(404): CodeIgniter\CodeIgniter->runController(Object(App\Controllers\KategoriBahanMakanan))
#2 D:\project\wartegnusantara\system\CodeIgniter.php(312): CodeIgniter\CodeIgniter->handleRequest(NULL, Object(Config\Cache), false)
#3 D:\project\wartegnusantara\public\index.php(45): CodeIgniter\CodeIgniter->run()
#4 D:\project\wartegnusantara\system\Commands\Server\rewrite.php(34): require_once('D:\\project\\wart...')
#5 {main}
CRITICAL - 2020-12-27 18:33:04 --> Call to undefined method CodeIgniter\HTTP\IncomingRequest::get()
#0 D:\project\wartegnusantara\system\CodeIgniter.php(918): App\Controllers\KategoriBahanMakanan->store()
#1 D:\project\wartegnusantara\system\CodeIgniter.php(404): CodeIgniter\CodeIgniter->runController(Object(App\Controllers\KategoriBahanMakanan))
#2 D:\project\wartegnusantara\system\CodeIgniter.php(312): CodeIgniter\CodeIgniter->handleRequest(NULL, Object(Config\Cache), false)
#3 D:\project\wartegnusantara\public\index.php(45): CodeIgniter\CodeIgniter->run()
#4 D:\project\wartegnusantara\system\Commands\Server\rewrite.php(34): require_once('D:\\project\\wart...')
#5 {main}
CRITICAL - 2020-12-27 18:33:04 --> Call to undefined method CodeIgniter\HTTP\IncomingRequest::get()
#0 D:\project\wartegnusantara\system\CodeIgniter.php(918): App\Controllers\KategoriBahanMakanan->store()
#1 D:\project\wartegnusantara\system\CodeIgniter.php(404): CodeIgniter\CodeIgniter->runController(Object(App\Controllers\KategoriBahanMakanan))
#2 D:\project\wartegnusantara\system\CodeIgniter.php(312): CodeIgniter\CodeIgniter->handleRequest(NULL, Object(Config\Cache), false)
#3 D:\project\wartegnusantara\public\index.php(45): CodeIgniter\CodeIgniter->run()
#4 D:\project\wartegnusantara\system\Commands\Server\rewrite.php(34): require_once('D:\\project\\wart...')
#5 {main}
CRITICAL - 2020-12-27 18:33:04 --> Call to undefined method CodeIgniter\HTTP\IncomingRequest::get()
#0 D:\project\wartegnusantara\system\CodeIgniter.php(918): App\Controllers\KategoriBahanMakanan->store()
#1 D:\project\wartegnusantara\system\CodeIgniter.php(404): CodeIgniter\CodeIgniter->runController(Object(App\Controllers\KategoriBahanMakanan))
#2 D:\project\wartegnusantara\system\CodeIgniter.php(312): CodeIgniter\CodeIgniter->handleRequest(NULL, Object(Config\Cache), false)
#3 D:\project\wartegnusantara\public\index.php(45): CodeIgniter\CodeIgniter->run()
#4 D:\project\wartegnusantara\system\Commands\Server\rewrite.php(34): require_once('D:\\project\\wart...')
#5 {main}
CRITICAL - 2020-12-27 18:33:05 --> Call to undefined method CodeIgniter\HTTP\IncomingRequest::get()
#0 D:\project\wartegnusantara\system\CodeIgniter.php(918): App\Controllers\KategoriBahanMakanan->store()
#1 D:\project\wartegnusantara\system\CodeIgniter.php(404): CodeIgniter\CodeIgniter->runController(Object(App\Controllers\KategoriBahanMakanan))
#2 D:\project\wartegnusantara\system\CodeIgniter.php(312): CodeIgniter\CodeIgniter->handleRequest(NULL, Object(Config\Cache), false)
#3 D:\project\wartegnusantara\public\index.php(45): CodeIgniter\CodeIgniter->run()
#4 D:\project\wartegnusantara\system\Commands\Server\rewrite.php(34): require_once('D:\\project\\wart...')
#5 {main}
CRITICAL - 2020-12-27 18:35:04 --> Undefined variable: NamaKategori
#0 D:\project\wartegnusantara\app\Controllers\KategoriBahanMakanan.php(54): CodeIgniter\Debug\Exceptions->errorHandler(8, 'Undefined varia...', 'D:\\project\\wart...', 54, Array)
#1 D:\project\wartegnusantara\system\CodeIgniter.php(918): App\Controllers\KategoriBahanMakanan->store()
#2 D:\project\wartegnusantara\system\CodeIgniter.php(404): CodeIgniter\CodeIgniter->runController(Object(App\Controllers\KategoriBahanMakanan))
#3 D:\project\wartegnusantara\system\CodeIgniter.php(312): CodeIgniter\CodeIgniter->handleRequest(NULL, Object(Config\Cache), false)
#4 D:\project\wartegnusantara\public\index.php(45): CodeIgniter\CodeIgniter->run()
#5 D:\project\wartegnusantara\system\Commands\Server\rewrite.php(34): require_once('D:\\project\\wart...')
#6 {main}
CRITICAL - 2020-12-27 18:38:08 --> syntax error, unexpected '}'
#0 D:\project\wartegnusantara\system\Router\Router.php(195): CodeIgniter\Router\Router->autoRoute('KategoriBahanMa...')
#1 D:\project\wartegnusantara\system\CodeIgniter.php(793): CodeIgniter\Router\Router->handle('KategoriBahanMa...')
#2 D:\project\wartegnusantara\system\CodeIgniter.php(364): CodeIgniter\CodeIgniter->tryToRouteIt(Object(CodeIgniter\Router\RouteCollection))
#3 D:\project\wartegnusantara\system\CodeIgniter.php(312): CodeIgniter\CodeIgniter->handleRequest(NULL, Object(Config\Cache), false)
#4 D:\project\wartegnusantara\public\index.php(45): CodeIgniter\CodeIgniter->run()
#5 D:\project\wartegnusantara\system\Commands\Server\rewrite.php(34): require_once('D:\\project\\wart...')
#6 {main}
CRITICAL - 2020-12-27 18:38:11 --> syntax error, unexpected '}'
#0 D:\project\wartegnusantara\system\Router\Router.php(195): CodeIgniter\Router\Router->autoRoute('KategoriBahanMa...')
#1 D:\project\wartegnusantara\system\CodeIgniter.php(793): CodeIgniter\Router\Router->handle('KategoriBahanMa...')
#2 D:\project\wartegnusantara\system\CodeIgniter.php(364): CodeIgniter\CodeIgniter->tryToRouteIt(Object(CodeIgniter\Router\RouteCollection))
#3 D:\project\wartegnusantara\system\CodeIgniter.php(312): CodeIgniter\CodeIgniter->handleRequest(NULL, Object(Config\Cache), false)
#4 D:\project\wartegnusantara\public\index.php(45): CodeIgniter\CodeIgniter->run()
#5 D:\project\wartegnusantara\system\Commands\Server\rewrite.php(34): require_once('D:\\project\\wart...')
#6 {main}
CRITICAL - 2020-12-27 18:39:06 --> syntax error, unexpected '$this' (T_VARIABLE), expecting ',' or ';'
#0 D:\project\wartegnusantara\system\Router\Router.php(195): CodeIgniter\Router\Router->autoRoute('KategoriBahanMa...')
#1 D:\project\wartegnusantara\system\CodeIgniter.php(793): CodeIgniter\Router\Router->handle('KategoriBahanMa...')
#2 D:\project\wartegnusantara\system\CodeIgniter.php(364): CodeIgniter\CodeIgniter->tryToRouteIt(Object(CodeIgniter\Router\RouteCollection))
#3 D:\project\wartegnusantara\system\CodeIgniter.php(312): CodeIgniter\CodeIgniter->handleRequest(NULL, Object(Config\Cache), false)
#4 D:\project\wartegnusantara\public\index.php(45): CodeIgniter\CodeIgniter->run()
#5 D:\project\wartegnusantara\system\Commands\Server\rewrite.php(34): require_once('D:\\project\\wart...')
#6 {main}
CRITICAL - 2020-12-27 18:44:50 --> Use of undefined constant NamaKategori - assumed 'NamaKategori' (this will throw an Error in a future version of PHP)
#0 D:\project\wartegnusantara\app\Controllers\KategoriBahanMakanan.php(54): CodeIgniter\Debug\Exceptions->errorHandler(2, 'Use of undefine...', 'D:\\project\\wart...', 54, Array)
#1 D:\project\wartegnusantara\system\CodeIgniter.php(918): App\Controllers\KategoriBahanMakanan->store()
#2 D:\project\wartegnusantara\system\CodeIgniter.php(404): CodeIgniter\CodeIgniter->runController(Object(App\Controllers\KategoriBahanMakanan))
#3 D:\project\wartegnusantara\system\CodeIgniter.php(312): CodeIgniter\CodeIgniter->handleRequest(NULL, Object(Config\Cache), false)
#4 D:\project\wartegnusantara\public\index.php(45): CodeIgniter\CodeIgniter->run()
#5 D:\project\wartegnusantara\system\Commands\Server\rewrite.php(34): require_once('D:\\project\\wart...')
#6 {main}
CRITICAL - 2020-12-27 18:46:41 --> Use of undefined constant NamaKategori - assumed 'NamaKategori' (this will throw an Error in a future version of PHP)
#0 D:\project\wartegnusantara\app\Controllers\KategoriBahanMakanan.php(54): CodeIgniter\Debug\Exceptions->errorHandler(2, 'Use of undefine...', 'D:\\project\\wart...', 54, Array)
#1 D:\project\wartegnusantara\system\CodeIgniter.php(918): App\Controllers\KategoriBahanMakanan->store()
#2 D:\project\wartegnusantara\system\CodeIgniter.php(404): CodeIgniter\CodeIgniter->runController(Object(App\Controllers\KategoriBahanMakanan))
#3 D:\project\wartegnusantara\system\CodeIgniter.php(312): CodeIgniter\CodeIgniter->handleRequest(NULL, Object(Config\Cache), false)
#4 D:\project\wartegnusantara\public\index.php(45): CodeIgniter\CodeIgniter->run()
#5 D:\project\wartegnusantara\system\Commands\Server\rewrite.php(34): require_once('D:\\project\\wart...')
#6 {main}
CRITICAL - 2020-12-27 18:47:19 --> Array callback has to contain indices 0 and 1
#0 D:\project\wartegnusantara\system\CodeIgniter.php(918): App\Controllers\KategoriBahanMakanan->store()
#1 D:\project\wartegnusantara\system\CodeIgniter.php(404): CodeIgniter\CodeIgniter->runController(Object(App\Controllers\KategoriBahanMakanan))
#2 D:\project\wartegnusantara\system\CodeIgniter.php(312): CodeIgniter\CodeIgniter->handleRequest(NULL, Object(Config\Cache), false)
#3 D:\project\wartegnusantara\public\index.php(45): CodeIgniter\CodeIgniter->run()
#4 D:\project\wartegnusantara\system\Commands\Server\rewrite.php(34): require_once('D:\\project\\wart...')
#5 {main}
CRITICAL - 2020-12-27 18:47:21 --> Array callback has to contain indices 0 and 1
#0 D:\project\wartegnusantara\system\CodeIgniter.php(918): App\Controllers\KategoriBahanMakanan->store()
#1 D:\project\wartegnusantara\system\CodeIgniter.php(404): CodeIgniter\CodeIgniter->runController(Object(App\Controllers\KategoriBahanMakanan))
#2 D:\project\wartegnusantara\system\CodeIgniter.php(312): CodeIgniter\CodeIgniter->handleRequest(NULL, Object(Config\Cache), false)
#3 D:\project\wartegnusantara\public\index.php(45): CodeIgniter\CodeIgniter->run()
#4 D:\project\wartegnusantara\system\Commands\Server\rewrite.php(34): require_once('D:\\project\\wart...')
#5 {main}
CRITICAL - 2020-12-27 18:47:40 --> Use of undefined constant NamaKategori - assumed 'NamaKategori' (this will throw an Error in a future version of PHP)
#0 D:\project\wartegnusantara\app\Controllers\KategoriBahanMakanan.php(54): CodeIgniter\Debug\Exceptions->errorHandler(2, 'Use of undefine...', 'D:\\project\\wart...', 54, Array)
#1 D:\project\wartegnusantara\system\CodeIgniter.php(918): App\Controllers\KategoriBahanMakanan->store()
#2 D:\project\wartegnusantara\system\CodeIgniter.php(404): CodeIgniter\CodeIgniter->runController(Object(App\Controllers\KategoriBahanMakanan))
#3 D:\project\wartegnusantara\system\CodeIgniter.php(312): CodeIgniter\CodeIgniter->handleRequest(NULL, Object(Config\Cache), false)
#4 D:\project\wartegnusantara\public\index.php(45): CodeIgniter\CodeIgniter->run()
#5 D:\project\wartegnusantara\system\Commands\Server\rewrite.php(34): require_once('D:\\project\\wart...')
#6 {main}
CRITICAL - 2020-12-27 18:47:42 --> Use of undefined constant NamaKategori - assumed 'NamaKategori' (this will throw an Error in a future version of PHP)
#0 D:\project\wartegnusantara\app\Controllers\KategoriBahanMakanan.php(54): CodeIgniter\Debug\Exceptions->errorHandler(2, 'Use of undefine...', 'D:\\project\\wart...', 54, Array)
#1 D:\project\wartegnusantara\system\CodeIgniter.php(918): App\Controllers\KategoriBahanMakanan->store()
#2 D:\project\wartegnusantara\system\CodeIgniter.php(404): CodeIgniter\CodeIgniter->runController(Object(App\Controllers\KategoriBahanMakanan))
#3 D:\project\wartegnusantara\system\CodeIgniter.php(312): CodeIgniter\CodeIgniter->handleRequest(NULL, Object(Config\Cache), false)
#4 D:\project\wartegnusantara\public\index.php(45): CodeIgniter\CodeIgniter->run()
#5 D:\project\wartegnusantara\system\Commands\Server\rewrite.php(34): require_once('D:\\project\\wart...')
#6 {main}
CRITICAL - 2020-12-27 18:48:03 --> Array to string conversion
#0 D:\project\wartegnusantara\app\Controllers\KategoriBahanMakanan.php(54): CodeIgniter\Debug\Exceptions->errorHandler(8, 'Array to string...', 'D:\\project\\wart...', 54, Array)
#1 D:\project\wartegnusantara\system\CodeIgniter.php(918): App\Controllers\KategoriBahanMakanan->store()
#2 D:\project\wartegnusantara\system\CodeIgniter.php(404): CodeIgniter\CodeIgniter->runController(Object(App\Controllers\KategoriBahanMakanan))
#3 D:\project\wartegnusantara\system\CodeIgniter.php(312): CodeIgniter\CodeIgniter->handleRequest(NULL, Object(Config\Cache), false)
#4 D:\project\wartegnusantara\public\index.php(45): CodeIgniter\CodeIgniter->run()
#5 D:\project\wartegnusantara\system\Commands\Server\rewrite.php(34): require_once('D:\\project\\wart...')
#6 {main}
CRITICAL - 2020-12-27 18:48:06 --> Array to string conversion
#0 D:\project\wartegnusantara\app\Controllers\KategoriBahanMakanan.php(54): CodeIgniter\Debug\Exceptions->errorHandler(8, 'Array to string...', 'D:\\project\\wart...', 54, Array)
#1 D:\project\wartegnusantara\system\CodeIgniter.php(918): App\Controllers\KategoriBahanMakanan->store()
#2 D:\project\wartegnusantara\system\CodeIgniter.php(404): CodeIgniter\CodeIgniter->runController(Object(App\Controllers\KategoriBahanMakanan))
#3 D:\project\wartegnusantara\system\CodeIgniter.php(312): CodeIgniter\CodeIgniter->handleRequest(NULL, Object(Config\Cache), false)
#4 D:\project\wartegnusantara\public\index.php(45): CodeIgniter\CodeIgniter->run()
#5 D:\project\wartegnusantara\system\Commands\Server\rewrite.php(34): require_once('D:\\project\\wart...')
#6 {main}
CRITICAL - 2020-12-27 18:51:54 --> Use of undefined constant NamaKategori - assumed 'NamaKategori' (this will throw an Error in a future version of PHP)
#0 D:\project\wartegnusantara\app\Controllers\KategoriBahanMakanan.php(54): CodeIgniter\Debug\Exceptions->errorHandler(2, 'Use of undefine...', 'D:\\project\\wart...', 54, Array)
#1 D:\project\wartegnusantara\system\CodeIgniter.php(918): App\Controllers\KategoriBahanMakanan->store()
#2 D:\project\wartegnusantara\system\CodeIgniter.php(404): CodeIgniter\CodeIgniter->runController(Object(App\Controllers\KategoriBahanMakanan))
#3 D:\project\wartegnusantara\system\CodeIgniter.php(312): CodeIgniter\CodeIgniter->handleRequest(NULL, Object(Config\Cache), false)
#4 D:\project\wartegnusantara\public\index.php(45): CodeIgniter\CodeIgniter->run()
#5 D:\project\wartegnusantara\system\Commands\Server\rewrite.php(34): require_once('D:\\project\\wart...')
#6 {main}
CRITICAL - 2020-12-27 18:52:16 --> Undefined variable: NamaKategori
#0 D:\project\wartegnusantara\app\Controllers\KategoriBahanMakanan.php(54): CodeIgniter\Debug\Exceptions->errorHandler(8, 'Undefined varia...', 'D:\\project\\wart...', 54, Array)
#1 D:\project\wartegnusantara\system\CodeIgniter.php(918): App\Controllers\KategoriBahanMakanan->store()
#2 D:\project\wartegnusantara\system\CodeIgniter.php(404): CodeIgniter\CodeIgniter->runController(Object(App\Controllers\KategoriBahanMakanan))
#3 D:\project\wartegnusantara\system\CodeIgniter.php(312): CodeIgniter\CodeIgniter->handleRequest(NULL, Object(Config\Cache), false)
#4 D:\project\wartegnusantara\public\index.php(45): CodeIgniter\CodeIgniter->run()
#5 D:\project\wartegnusantara\system\Commands\Server\rewrite.php(34): require_once('D:\\project\\wart...')
#6 {main}
CRITICAL - 2020-12-27 18:52:17 --> Undefined variable: NamaKategori
#0 D:\project\wartegnusantara\app\Controllers\KategoriBahanMakanan.php(54): CodeIgniter\Debug\Exceptions->errorHandler(8, 'Undefined varia...', 'D:\\project\\wart...', 54, Array)
#1 D:\project\wartegnusantara\system\CodeIgniter.php(918): App\Controllers\KategoriBahanMakanan->store()
#2 D:\project\wartegnusantara\system\CodeIgniter.php(404): CodeIgniter\CodeIgniter->runController(Object(App\Controllers\KategoriBahanMakanan))
#3 D:\project\wartegnusantara\system\CodeIgniter.php(312): CodeIgniter\CodeIgniter->handleRequest(NULL, Object(Config\Cache), false)
#4 D:\project\wartegnusantara\public\index.php(45): CodeIgniter\CodeIgniter->run()
#5 D:\project\wartegnusantara\system\Commands\Server\rewrite.php(34): require_once('D:\\project\\wart...')
#6 {main}
CRITICAL - 2020-12-27 18:52:18 --> Undefined variable: NamaKategori
#0 D:\project\wartegnusantara\app\Controllers\KategoriBahanMakanan.php(54): CodeIgniter\Debug\Exceptions->errorHandler(8, 'Undefined varia...', 'D:\\project\\wart...', 54, Array)
#1 D:\project\wartegnusantara\system\CodeIgniter.php(918): App\Controllers\KategoriBahanMakanan->store()
#2 D:\project\wartegnusantara\system\CodeIgniter.php(404): CodeIgniter\CodeIgniter->runController(Object(App\Controllers\KategoriBahanMakanan))
#3 D:\project\wartegnusantara\system\CodeIgniter.php(312): CodeIgniter\CodeIgniter->handleRequest(NULL, Object(Config\Cache), false)
#4 D:\project\wartegnusantara\public\index.php(45): CodeIgniter\CodeIgniter->run()
#5 D:\project\wartegnusantara\system\Commands\Server\rewrite.php(34): require_once('D:\\project\\wart...')
#6 {main}
CRITICAL - 2020-12-27 18:52:18 --> Undefined variable: NamaKategori
#0 D:\project\wartegnusantara\app\Controllers\KategoriBahanMakanan.php(54): CodeIgniter\Debug\Exceptions->errorHandler(8, 'Undefined varia...', 'D:\\project\\wart...', 54, Array)
#1 D:\project\wartegnusantara\system\CodeIgniter.php(918): App\Controllers\KategoriBahanMakanan->store()
#2 D:\project\wartegnusantara\system\CodeIgniter.php(404): CodeIgniter\CodeIgniter->runController(Object(App\Controllers\KategoriBahanMakanan))
#3 D:\project\wartegnusantara\system\CodeIgniter.php(312): CodeIgniter\CodeIgniter->handleRequest(NULL, Object(Config\Cache), false)
#4 D:\project\wartegnusantara\public\index.php(45): CodeIgniter\CodeIgniter->run()
#5 D:\project\wartegnusantara\system\Commands\Server\rewrite.php(34): require_once('D:\\project\\wart...')
#6 {main}
CRITICAL - 2020-12-27 18:52:18 --> Undefined variable: NamaKategori
#0 D:\project\wartegnusantara\app\Controllers\KategoriBahanMakanan.php(54): CodeIgniter\Debug\Exceptions->errorHandler(8, 'Undefined varia...', 'D:\\project\\wart...', 54, Array)
#1 D:\project\wartegnusantara\system\CodeIgniter.php(918): App\Controllers\KategoriBahanMakanan->store()
#2 D:\project\wartegnusantara\system\CodeIgniter.php(404): CodeIgniter\CodeIgniter->runController(Object(App\Controllers\KategoriBahanMakanan))
#3 D:\project\wartegnusantara\system\CodeIgniter.php(312): CodeIgniter\CodeIgniter->handleRequest(NULL, Object(Config\Cache), false)
#4 D:\project\wartegnusantara\public\index.php(45): CodeIgniter\CodeIgniter->run()
#5 D:\project\wartegnusantara\system\Commands\Server\rewrite.php(34): require_once('D:\\project\\wart...')
#6 {main}
CRITICAL - 2020-12-27 18:52:18 --> Undefined variable: NamaKategori
#0 D:\project\wartegnusantara\app\Controllers\KategoriBahanMakanan.php(54): CodeIgniter\Debug\Exceptions->errorHandler(8, 'Undefined varia...', 'D:\\project\\wart...', 54, Array)
#1 D:\project\wartegnusantara\system\CodeIgniter.php(918): App\Controllers\KategoriBahanMakanan->store()
#2 D:\project\wartegnusantara\system\CodeIgniter.php(404): CodeIgniter\CodeIgniter->runController(Object(App\Controllers\KategoriBahanMakanan))
#3 D:\project\wartegnusantara\system\CodeIgniter.php(312): CodeIgniter\CodeIgniter->handleRequest(NULL, Object(Config\Cache), false)
#4 D:\project\wartegnusantara\public\index.php(45): CodeIgniter\CodeIgniter->run()
#5 D:\project\wartegnusantara\system\Commands\Server\rewrite.php(34): require_once('D:\\project\\wart...')
#6 {main}
CRITICAL - 2020-12-27 18:52:55 --> syntax error, unexpected '=', expecting ')'
#0 D:\project\wartegnusantara\system\Router\Router.php(195): CodeIgniter\Router\Router->autoRoute('KategoriBahanMa...')
#1 D:\project\wartegnusantara\system\CodeIgniter.php(793): CodeIgniter\Router\Router->handle('KategoriBahanMa...')
#2 D:\project\wartegnusantara\system\CodeIgniter.php(364): CodeIgniter\CodeIgniter->tryToRouteIt(Object(CodeIgniter\Router\RouteCollection))
#3 D:\project\wartegnusantara\system\CodeIgniter.php(312): CodeIgniter\CodeIgniter->handleRequest(NULL, Object(Config\Cache), false)
#4 D:\project\wartegnusantara\public\index.php(45): CodeIgniter\CodeIgniter->run()
#5 D:\project\wartegnusantara\system\Commands\Server\rewrite.php(34): require_once('D:\\project\\wart...')
#6 {main}
CRITICAL - 2020-12-27 18:53:15 --> Undefined variable: NamaKategori
#0 D:\project\wartegnusantara\app\Controllers\KategoriBahanMakanan.php(54): CodeIgniter\Debug\Exceptions->errorHandler(8, 'Undefined varia...', 'D:\\project\\wart...', 54, Array)
#1 D:\project\wartegnusantara\system\CodeIgniter.php(918): App\Controllers\KategoriBahanMakanan->store()
#2 D:\project\wartegnusantara\system\CodeIgniter.php(404): CodeIgniter\CodeIgniter->runController(Object(App\Controllers\KategoriBahanMakanan))
#3 D:\project\wartegnusantara\system\CodeIgniter.php(312): CodeIgniter\CodeIgniter->handleRequest(NULL, Object(Config\Cache), false)
#4 D:\project\wartegnusantara\public\index.php(45): CodeIgniter\CodeIgniter->run()
#5 D:\project\wartegnusantara\system\Commands\Server\rewrite.php(34): require_once('D:\\project\\wart...')
#6 {main}
CRITICAL - 2020-12-27 18:53:38 --> Undefined variable: NamaKategori
#0 D:\project\wartegnusantara\app\Controllers\KategoriBahanMakanan.php(54): CodeIgniter\Debug\Exceptions->errorHandler(8, 'Undefined varia...', 'D:\\project\\wart...', 54, Array)
#1 D:\project\wartegnusantara\system\CodeIgniter.php(918): App\Controllers\KategoriBahanMakanan->store()
#2 D:\project\wartegnusantara\system\CodeIgniter.php(404): CodeIgniter\CodeIgniter->runController(Object(App\Controllers\KategoriBahanMakanan))
#3 D:\project\wartegnusantara\system\CodeIgniter.php(312): CodeIgniter\CodeIgniter->handleRequest(NULL, Object(Config\Cache), false)
#4 D:\project\wartegnusantara\public\index.php(45): CodeIgniter\CodeIgniter->run()
#5 D:\project\wartegnusantara\system\Commands\Server\rewrite.php(34): require_once('D:\\project\\wart...')
#6 {main}
CRITICAL - 2020-12-27 18:53:41 --> Undefined variable: NamaKategori
#0 D:\project\wartegnusantara\app\Controllers\KategoriBahanMakanan.php(54): CodeIgniter\Debug\Exceptions->errorHandler(8, 'Undefined varia...', 'D:\\project\\wart...', 54, Array)
#1 D:\project\wartegnusantara\system\CodeIgniter.php(918): App\Controllers\KategoriBahanMakanan->store()
#2 D:\project\wartegnusantara\system\CodeIgniter.php(404): CodeIgniter\CodeIgniter->runController(Object(App\Controllers\KategoriBahanMakanan))
#3 D:\project\wartegnusantara\system\CodeIgniter.php(312): CodeIgniter\CodeIgniter->handleRequest(NULL, Object(Config\Cache), false)
#4 D:\project\wartegnusantara\public\index.php(45): CodeIgniter\CodeIgniter->run()
#5 D:\project\wartegnusantara\system\Commands\Server\rewrite.php(34): require_once('D:\\project\\wart...')
#6 {main}
CRITICAL - 2020-12-27 18:53:42 --> Undefined variable: NamaKategori
#0 D:\project\wartegnusantara\app\Controllers\KategoriBahanMakanan.php(54): CodeIgniter\Debug\Exceptions->errorHandler(8, 'Undefined varia...', 'D:\\project\\wart...', 54, Array)
#1 D:\project\wartegnusantara\system\CodeIgniter.php(918): App\Controllers\KategoriBahanMakanan->store()
#2 D:\project\wartegnusantara\system\CodeIgniter.php(404): CodeIgniter\CodeIgniter->runController(Object(App\Controllers\KategoriBahanMakanan))
#3 D:\project\wartegnusantara\system\CodeIgniter.php(312): CodeIgniter\CodeIgniter->handleRequest(NULL, Object(Config\Cache), false)
#4 D:\project\wartegnusantara\public\index.php(45): CodeIgniter\CodeIgniter->run()
#5 D:\project\wartegnusantara\system\Commands\Server\rewrite.php(34): require_once('D:\\project\\wart...')
#6 {main}
CRITICAL - 2020-12-27 18:53:42 --> Undefined variable: NamaKategori
#0 D:\project\wartegnusantara\app\Controllers\KategoriBahanMakanan.php(54): CodeIgniter\Debug\Exceptions->errorHandler(8, 'Undefined varia...', 'D:\\project\\wart...', 54, Array)
#1 D:\project\wartegnusantara\system\CodeIgniter.php(918): App\Controllers\KategoriBahanMakanan->store()
#2 D:\project\wartegnusantara\system\CodeIgniter.php(404): CodeIgniter\CodeIgniter->runController(Object(App\Controllers\KategoriBahanMakanan))
#3 D:\project\wartegnusantara\system\CodeIgniter.php(312): CodeIgniter\CodeIgniter->handleRequest(NULL, Object(Config\Cache), false)
#4 D:\project\wartegnusantara\public\index.php(45): CodeIgniter\CodeIgniter->run()
#5 D:\project\wartegnusantara\system\Commands\Server\rewrite.php(34): require_once('D:\\project\\wart...')
#6 {main}
CRITICAL - 2020-12-27 18:53:42 --> Undefined variable: NamaKategori
#0 D:\project\wartegnusantara\app\Controllers\KategoriBahanMakanan.php(54): CodeIgniter\Debug\Exceptions->errorHandler(8, 'Undefined varia...', 'D:\\project\\wart...', 54, Array)
#1 D:\project\wartegnusantara\system\CodeIgniter.php(918): App\Controllers\KategoriBahanMakanan->store()
#2 D:\project\wartegnusantara\system\CodeIgniter.php(404): CodeIgniter\CodeIgniter->runController(Object(App\Controllers\KategoriBahanMakanan))
#3 D:\project\wartegnusantara\system\CodeIgniter.php(312): CodeIgniter\CodeIgniter->handleRequest(NULL, Object(Config\Cache), false)
#4 D:\project\wartegnusantara\public\index.php(45): CodeIgniter\CodeIgniter->run()
#5 D:\project\wartegnusantara\system\Commands\Server\rewrite.php(34): require_once('D:\\project\\wart...')
#6 {main}
CRITICAL - 2020-12-27 18:53:43 --> Undefined variable: NamaKategori
#0 D:\project\wartegnusantara\app\Controllers\KategoriBahanMakanan.php(54): CodeIgniter\Debug\Exceptions->errorHandler(8, 'Undefined varia...', 'D:\\project\\wart...', 54, Array)
#1 D:\project\wartegnusantara\system\CodeIgniter.php(918): App\Controllers\KategoriBahanMakanan->store()
#2 D:\project\wartegnusantara\system\CodeIgniter.php(404): CodeIgniter\CodeIgniter->runController(Object(App\Controllers\KategoriBahanMakanan))
#3 D:\project\wartegnusantara\system\CodeIgniter.php(312): CodeIgniter\CodeIgniter->handleRequest(NULL, Object(Config\Cache), false)
#4 D:\project\wartegnusantara\public\index.php(45): CodeIgniter\CodeIgniter->run()
#5 D:\project\wartegnusantara\system\Commands\Server\rewrite.php(34): require_once('D:\\project\\wart...')
#6 {main}
CRITICAL - 2020-12-27 18:53:43 --> Undefined variable: NamaKategori
#0 D:\project\wartegnusantara\app\Controllers\KategoriBahanMakanan.php(54): CodeIgniter\Debug\Exceptions->errorHandler(8, 'Undefined varia...', 'D:\\project\\wart...', 54, Array)
#1 D:\project\wartegnusantara\system\CodeIgniter.php(918): App\Controllers\KategoriBahanMakanan->store()
#2 D:\project\wartegnusantara\system\CodeIgniter.php(404): CodeIgniter\CodeIgniter->runController(Object(App\Controllers\KategoriBahanMakanan))
#3 D:\project\wartegnusantara\system\CodeIgniter.php(312): CodeIgniter\CodeIgniter->handleRequest(NULL, Object(Config\Cache), false)
#4 D:\project\wartegnusantara\public\index.php(45): CodeIgniter\CodeIgniter->run()
#5 D:\project\wartegnusantara\system\Commands\Server\rewrite.php(34): require_once('D:\\project\\wart...')
#6 {main}
CRITICAL - 2020-12-27 18:53:43 --> Undefined variable: NamaKategori
#0 D:\project\wartegnusantara\app\Controllers\KategoriBahanMakanan.php(54): CodeIgniter\Debug\Exceptions->errorHandler(8, 'Undefined varia...', 'D:\\project\\wart...', 54, Array)
#1 D:\project\wartegnusantara\system\CodeIgniter.php(918): App\Controllers\KategoriBahanMakanan->store()
#2 D:\project\wartegnusantara\system\CodeIgniter.php(404): CodeIgniter\CodeIgniter->runController(Object(App\Controllers\KategoriBahanMakanan))
#3 D:\project\wartegnusantara\system\CodeIgniter.php(312): CodeIgniter\CodeIgniter->handleRequest(NULL, Object(Config\Cache), false)
#4 D:\project\wartegnusantara\public\index.php(45): CodeIgniter\CodeIgniter->run()
#5 D:\project\wartegnusantara\system\Commands\Server\rewrite.php(34): require_once('D:\\project\\wart...')
#6 {main}
CRITICAL - 2020-12-27 18:53:43 --> Undefined variable: NamaKategori
#0 D:\project\wartegnusantara\app\Controllers\KategoriBahanMakanan.php(54): CodeIgniter\Debug\Exceptions->errorHandler(8, 'Undefined varia...', 'D:\\project\\wart...', 54, Array)
#1 D:\project\wartegnusantara\system\CodeIgniter.php(918): App\Controllers\KategoriBahanMakanan->store()
#2 D:\project\wartegnusantara\system\CodeIgniter.php(404): CodeIgniter\CodeIgniter->runController(Object(App\Controllers\KategoriBahanMakanan))
#3 D:\project\wartegnusantara\system\CodeIgniter.php(312): CodeIgniter\CodeIgniter->handleRequest(NULL, Object(Config\Cache), false)
#4 D:\project\wartegnusantara\public\index.php(45): CodeIgniter\CodeIgniter->run()
#5 D:\project\wartegnusantara\system\Commands\Server\rewrite.php(34): require_once('D:\\project\\wart...')
#6 {main}
CRITICAL - 2020-12-27 18:53:44 --> Undefined variable: NamaKategori
#0 D:\project\wartegnusantara\app\Controllers\KategoriBahanMakanan.php(54): CodeIgniter\Debug\Exceptions->errorHandler(8, 'Undefined varia...', 'D:\\project\\wart...', 54, Array)
#1 D:\project\wartegnusantara\system\CodeIgniter.php(918): App\Controllers\KategoriBahanMakanan->store()
#2 D:\project\wartegnusantara\system\CodeIgniter.php(404): CodeIgniter\CodeIgniter->runController(Object(App\Controllers\KategoriBahanMakanan))
#3 D:\project\wartegnusantara\system\CodeIgniter.php(312): CodeIgniter\CodeIgniter->handleRequest(NULL, Object(Config\Cache), false)
#4 D:\project\wartegnusantara\public\index.php(45): CodeIgniter\CodeIgniter->run()
#5 D:\project\wartegnusantara\system\Commands\Server\rewrite.php(34): require_once('D:\\project\\wart...')
#6 {main}
CRITICAL - 2020-12-27 18:53:45 --> Undefined variable: NamaKategori
#0 D:\project\wartegnusantara\app\Controllers\KategoriBahanMakanan.php(54): CodeIgniter\Debug\Exceptions->errorHandler(8, 'Undefined varia...', 'D:\\project\\wart...', 54, Array)
#1 D:\project\wartegnusantara\system\CodeIgniter.php(918): App\Controllers\KategoriBahanMakanan->store()
#2 D:\project\wartegnusantara\system\CodeIgniter.php(404): CodeIgniter\CodeIgniter->runController(Object(App\Controllers\KategoriBahanMakanan))
#3 D:\project\wartegnusantara\system\CodeIgniter.php(312): CodeIgniter\CodeIgniter->handleRequest(NULL, Object(Config\Cache), false)
#4 D:\project\wartegnusantara\public\index.php(45): CodeIgniter\CodeIgniter->run()
#5 D:\project\wartegnusantara\system\Commands\Server\rewrite.php(34): require_once('D:\\project\\wart...')
#6 {main}
CRITICAL - 2020-12-27 18:54:35 --> Undefined variable: data
#0 D:\project\wartegnusantara\app\Controllers\KategoriBahanMakanan.php(50): CodeIgniter\Debug\Exceptions->errorHandler(8, 'Undefined varia...', 'D:\\project\\wart...', 50, Array)
#1 D:\project\wartegnusantara\system\CodeIgniter.php(918): App\Controllers\KategoriBahanMakanan->store()
#2 D:\project\wartegnusantara\system\CodeIgniter.php(404): CodeIgniter\CodeIgniter->runController(Object(App\Controllers\KategoriBahanMakanan))
#3 D:\project\wartegnusantara\system\CodeIgniter.php(312): CodeIgniter\CodeIgniter->handleRequest(NULL, Object(Config\Cache), false)
#4 D:\project\wartegnusantara\public\index.php(45): CodeIgniter\CodeIgniter->run()
#5 D:\project\wartegnusantara\system\Commands\Server\rewrite.php(34): require_once('D:\\project\\wart...')
#6 {main}
CRITICAL - 2020-12-27 18:56:35 --> Undefined variable: NamaKategori
#0 D:\project\wartegnusantara\app\Controllers\KategoriBahanMakanan.php(54): CodeIgniter\Debug\Exceptions->errorHandler(8, 'Undefined varia...', 'D:\\project\\wart...', 54, Array)
#1 D:\project\wartegnusantara\system\CodeIgniter.php(918): App\Controllers\KategoriBahanMakanan->store()
#2 D:\project\wartegnusantara\system\CodeIgniter.php(404): CodeIgniter\CodeIgniter->runController(Object(App\Controllers\KategoriBahanMakanan))
#3 D:\project\wartegnusantara\system\CodeIgniter.php(312): CodeIgniter\CodeIgniter->handleRequest(NULL, Object(Config\Cache), false)
#4 D:\project\wartegnusantara\public\index.php(45): CodeIgniter\CodeIgniter->run()
#5 D:\project\wartegnusantara\system\Commands\Server\rewrite.php(34): require_once('D:\\project\\wart...')
#6 {main}
CRITICAL - 2020-12-27 19:08:36 --> Undefined variable: NamaKategori
#0 D:\project\wartegnusantara\app\Controllers\KategoriBahanMakanan.php(55): CodeIgniter\Debug\Exceptions->errorHandler(8, 'Undefined varia...', 'D:\\project\\wart...', 55, Array)
#1 D:\project\wartegnusantara\system\CodeIgniter.php(918): App\Controllers\KategoriBahanMakanan->store()
#2 D:\project\wartegnusantara\system\CodeIgniter.php(404): CodeIgniter\CodeIgniter->runController(Object(App\Controllers\KategoriBahanMakanan))
#3 D:\project\wartegnusantara\system\CodeIgniter.php(312): CodeIgniter\CodeIgniter->handleRequest(NULL, Object(Config\Cache), false)
#4 D:\project\wartegnusantara\public\index.php(45): CodeIgniter\CodeIgniter->run()
#5 D:\project\wartegnusantara\system\Commands\Server\rewrite.php(34): require_once('D:\\project\\wart...')
#6 {main}
CRITICAL - 2020-12-27 19:13:19 --> syntax error, unexpected '=>' (T_DOUBLE_ARROW)
#0 D:\project\wartegnusantara\system\Router\Router.php(195): CodeIgniter\Router\Router->autoRoute('KategoriBahanMa...')
#1 D:\project\wartegnusantara\system\CodeIgniter.php(793): CodeIgniter\Router\Router->handle('KategoriBahanMa...')
#2 D:\project\wartegnusantara\system\CodeIgniter.php(364): CodeIgniter\CodeIgniter->tryToRouteIt(Object(CodeIgniter\Router\RouteCollection))
#3 D:\project\wartegnusantara\system\CodeIgniter.php(312): CodeIgniter\CodeIgniter->handleRequest(NULL, Object(Config\Cache), false)
#4 D:\project\wartegnusantara\public\index.php(45): CodeIgniter\CodeIgniter->run()
#5 D:\project\wartegnusantara\system\Commands\Server\rewrite.php(34): require_once('D:\\project\\wart...')
#6 {main}
CRITICAL - 2020-12-27 19:13:31 --> syntax error, unexpected 'echo' (T_ECHO)
#0 D:\project\wartegnusantara\system\Router\Router.php(195): CodeIgniter\Router\Router->autoRoute('KategoriBahanMa...')
#1 D:\project\wartegnusantara\system\CodeIgniter.php(793): CodeIgniter\Router\Router->handle('KategoriBahanMa...')
#2 D:\project\wartegnusantara\system\CodeIgniter.php(364): CodeIgniter\CodeIgniter->tryToRouteIt(Object(CodeIgniter\Router\RouteCollection))
#3 D:\project\wartegnusantara\system\CodeIgniter.php(312): CodeIgniter\CodeIgniter->handleRequest(NULL, Object(Config\Cache), false)
#4 D:\project\wartegnusantara\public\index.php(45): CodeIgniter\CodeIgniter->run()
#5 D:\project\wartegnusantara\system\Commands\Server\rewrite.php(34): require_once('D:\\project\\wart...')
#6 {main}
CRITICAL - 2020-12-27 19:13:33 --> syntax error, unexpected 'echo' (T_ECHO)
#0 D:\project\wartegnusantara\system\Router\Router.php(195): CodeIgniter\Router\Router->autoRoute('KategoriBahanMa...')
#1 D:\project\wartegnusantara\system\CodeIgniter.php(793): CodeIgniter\Router\Router->handle('KategoriBahanMa...')
#2 D:\project\wartegnusantara\system\CodeIgniter.php(364): CodeIgniter\CodeIgniter->tryToRouteIt(Object(CodeIgniter\Router\RouteCollection))
#3 D:\project\wartegnusantara\system\CodeIgniter.php(312): CodeIgniter\CodeIgniter->handleRequest(NULL, Object(Config\Cache), false)
#4 D:\project\wartegnusantara\public\index.php(45): CodeIgniter\CodeIgniter->run()
#5 D:\project\wartegnusantara\system\Commands\Server\rewrite.php(34): require_once('D:\\project\\wart...')
#6 {main}
CRITICAL - 2020-12-27 19:13:34 --> syntax error, unexpected 'echo' (T_ECHO)
#0 D:\project\wartegnusantara\system\Router\Router.php(195): CodeIgniter\Router\Router->autoRoute('KategoriBahanMa...')
#1 D:\project\wartegnusantara\system\CodeIgniter.php(793): CodeIgniter\Router\Router->handle('KategoriBahanMa...')
#2 D:\project\wartegnusantara\system\CodeIgniter.php(364): CodeIgniter\CodeIgniter->tryToRouteIt(Object(CodeIgniter\Router\RouteCollection))
#3 D:\project\wartegnusantara\system\CodeIgniter.php(312): CodeIgniter\CodeIgniter->handleRequest(NULL, Object(Config\Cache), false)
#4 D:\project\wartegnusantara\public\index.php(45): CodeIgniter\CodeIgniter->run()
#5 D:\project\wartegnusantara\system\Commands\Server\rewrite.php(34): require_once('D:\\project\\wart...')
#6 {main}
CRITICAL - 2020-12-27 19:13:34 --> syntax error, unexpected 'echo' (T_ECHO)
#0 D:\project\wartegnusantara\system\Router\Router.php(195): CodeIgniter\Router\Router->autoRoute('KategoriBahanMa...')
#1 D:\project\wartegnusantara\system\CodeIgniter.php(793): CodeIgniter\Router\Router->handle('KategoriBahanMa...')
#2 D:\project\wartegnusantara\system\CodeIgniter.php(364): CodeIgniter\CodeIgniter->tryToRouteIt(Object(CodeIgniter\Router\RouteCollection))
#3 D:\project\wartegnusantara\system\CodeIgniter.php(312): CodeIgniter\CodeIgniter->handleRequest(NULL, Object(Config\Cache), false)
#4 D:\project\wartegnusantara\public\index.php(45): CodeIgniter\CodeIgniter->run()
#5 D:\project\wartegnusantara\system\Commands\Server\rewrite.php(34): require_once('D:\\project\\wart...')
#6 {main}
CRITICAL - 2020-12-27 19:14:22 --> Use of undefined constant NamaKategori - assumed 'NamaKategori' (this will throw an Error in a future version of PHP)
#0 D:\project\wartegnusantara\app\Controllers\KategoriBahanMakanan.php(55): CodeIgniter\Debug\Exceptions->errorHandler(2, 'Use of undefine...', 'D:\\project\\wart...', 55, Array)
#1 D:\project\wartegnusantara\system\CodeIgniter.php(918): App\Controllers\KategoriBahanMakanan->store()
#2 D:\project\wartegnusantara\system\CodeIgniter.php(404): CodeIgniter\CodeIgniter->runController(Object(App\Controllers\KategoriBahanMakanan))
#3 D:\project\wartegnusantara\system\CodeIgniter.php(312): CodeIgniter\CodeIgniter->handleRequest(NULL, Object(Config\Cache), false)
#4 D:\project\wartegnusantara\public\index.php(45): CodeIgniter\CodeIgniter->run()
#5 D:\project\wartegnusantara\system\Commands\Server\rewrite.php(34): require_once('D:\\project\\wart...')
#6 {main}
CRITICAL - 2020-12-27 19:15:17 --> Call to undefined method CodeIgniter\HTTP\IncomingRequest::get()
#0 D:\project\wartegnusantara\system\CodeIgniter.php(918): App\Controllers\KategoriBahanMakanan->store()
#1 D:\project\wartegnusantara\system\CodeIgniter.php(404): CodeIgniter\CodeIgniter->runController(Object(App\Controllers\KategoriBahanMakanan))
#2 D:\project\wartegnusantara\system\CodeIgniter.php(312): CodeIgniter\CodeIgniter->handleRequest(NULL, Object(Config\Cache), false)
#3 D:\project\wartegnusantara\public\index.php(45): CodeIgniter\CodeIgniter->run()
#4 D:\project\wartegnusantara\system\Commands\Server\rewrite.php(34): require_once('D:\\project\\wart...')
#5 {main}
CRITICAL - 2020-12-27 19:15:19 --> Call to undefined method CodeIgniter\HTTP\IncomingRequest::get()
#0 D:\project\wartegnusantara\system\CodeIgniter.php(918): App\Controllers\KategoriBahanMakanan->store()
#1 D:\project\wartegnusantara\system\CodeIgniter.php(404): CodeIgniter\CodeIgniter->runController(Object(App\Controllers\KategoriBahanMakanan))
#2 D:\project\wartegnusantara\system\CodeIgniter.php(312): CodeIgniter\CodeIgniter->handleRequest(NULL, Object(Config\Cache), false)
#3 D:\project\wartegnusantara\public\index.php(45): CodeIgniter\CodeIgniter->run()
#4 D:\project\wartegnusantara\system\Commands\Server\rewrite.php(34): require_once('D:\\project\\wart...')
#5 {main}
CRITICAL - 2020-12-27 19:15:19 --> Call to undefined method CodeIgniter\HTTP\IncomingRequest::get()
#0 D:\project\wartegnusantara\system\CodeIgniter.php(918): App\Controllers\KategoriBahanMakanan->store()
#1 D:\project\wartegnusantara\system\CodeIgniter.php(404): CodeIgniter\CodeIgniter->runController(Object(App\Controllers\KategoriBahanMakanan))
#2 D:\project\wartegnusantara\system\CodeIgniter.php(312): CodeIgniter\CodeIgniter->handleRequest(NULL, Object(Config\Cache), false)
#3 D:\project\wartegnusantara\public\index.php(45): CodeIgniter\CodeIgniter->run()
#4 D:\project\wartegnusantara\system\Commands\Server\rewrite.php(34): require_once('D:\\project\\wart...')
#5 {main}
CRITICAL - 2020-12-27 19:18:33 --> category is not a validation rules group.
#0 D:\project\wartegnusantara\system\Validation\Validation.php(619): CodeIgniter\Validation\Exceptions\ValidationException::forGroupNotFound('category')
#1 D:\project\wartegnusantara\system\Validation\Validation.php(149): CodeIgniter\Validation\Validation->loadRuleGroup('category')
#2 D:\project\wartegnusantara\app\Controllers\KategoriBahanMakanan.php(53): CodeIgniter\Validation\Validation->run(Array, 'category')
#3 D:\project\wartegnusantara\system\CodeIgniter.php(918): App\Controllers\KategoriBahanMakanan->store()
#4 D:\project\wartegnusantara\system\CodeIgniter.php(404): CodeIgniter\CodeIgniter->runController(Object(App\Controllers\KategoriBahanMakanan))
#5 D:\project\wartegnusantara\system\CodeIgniter.php(312): CodeIgniter\CodeIgniter->handleRequest(NULL, Object(Config\Cache), false)
#6 D:\project\wartegnusantara\public\index.php(45): CodeIgniter\CodeIgniter->run()
#7 D:\project\wartegnusantara\system\Commands\Server\rewrite.php(34): require_once('D:\\project\\wart...')
#8 {main}
CRITICAL - 2020-12-27 19:19:24 --> Undefined index: NamaKategori
#0 D:\project\wartegnusantara\app\Views\KategoriBahanMakanan\create.php(41): CodeIgniter\Debug\Exceptions->errorHandler(8, 'Undefined index...', 'D:\\project\\wart...', 41, Array)
#1 D:\project\wartegnusantara\system\View\View.php(246): include('D:\\project\\wart...')
#2 D:\project\wartegnusantara\system\Common.php(1119): CodeIgniter\View\View->render('KategoriBahanMa...', Array, true)
#3 D:\project\wartegnusantara\app\Controllers\KategoriBahanMakanan.php(40): view('KategoriBahanMa...')
#4 D:\project\wartegnusantara\system\CodeIgniter.php(918): App\Controllers\KategoriBahanMakanan->create()
#5 D:\project\wartegnusantara\system\CodeIgniter.php(404): CodeIgniter\CodeIgniter->runController(Object(App\Controllers\KategoriBahanMakanan))
#6 D:\project\wartegnusantara\system\CodeIgniter.php(312): CodeIgniter\CodeIgniter->handleRequest(NULL, Object(Config\Cache), false)
#7 D:\project\wartegnusantara\public\index.php(45): CodeIgniter\CodeIgniter->run()
#8 D:\project\wartegnusantara\system\Commands\Server\rewrite.php(34): require_once('D:\\project\\wart...')
#9 {main}
CRITICAL - 2020-12-27 19:19:42 --> Undefined index: NamaKategori
#0 D:\project\wartegnusantara\app\Views\KategoriBahanMakanan\create.php(41): CodeIgniter\Debug\Exceptions->errorHandler(8, 'Undefined index...', 'D:\\project\\wart...', 41, Array)
#1 D:\project\wartegnusantara\system\View\View.php(246): include('D:\\project\\wart...')
#2 D:\project\wartegnusantara\system\Common.php(1119): CodeIgniter\View\View->render('KategoriBahanMa...', Array, true)
#3 D:\project\wartegnusantara\app\Controllers\KategoriBahanMakanan.php(40): view('KategoriBahanMa...')
#4 D:\project\wartegnusantara\system\CodeIgniter.php(918): App\Controllers\KategoriBahanMakanan->create()
#5 D:\project\wartegnusantara\system\CodeIgniter.php(404): CodeIgniter\CodeIgniter->runController(Object(App\Controllers\KategoriBahanMakanan))
#6 D:\project\wartegnusantara\system\CodeIgniter.php(312): CodeIgniter\CodeIgniter->handleRequest(NULL, Object(Config\Cache), false)
#7 D:\project\wartegnusantara\public\index.php(45): CodeIgniter\CodeIgniter->run()
#8 D:\project\wartegnusantara\system\Commands\Server\rewrite.php(34): require_once('D:\\project\\wart...')
#9 {main}
CRITICAL - 2020-12-27 19:20:11 --> Undefined index: NamaKategori
#0 D:\project\wartegnusantara\app\Views\KategoriBahanMakanan\create.php(42): CodeIgniter\Debug\Exceptions->errorHandler(8, 'Undefined index...', 'D:\\project\\wart...', 42, Array)
#1 D:\project\wartegnusantara\system\View\View.php(246): include('D:\\project\\wart...')
#2 D:\project\wartegnusantara\system\Common.php(1119): CodeIgniter\View\View->render('KategoriBahanMa...', Array, true)
#3 D:\project\wartegnusantara\app\Controllers\KategoriBahanMakanan.php(40): view('KategoriBahanMa...')
#4 D:\project\wartegnusantara\system\CodeIgniter.php(918): App\Controllers\KategoriBahanMakanan->create()
#5 D:\project\wartegnusantara\system\CodeIgniter.php(404): CodeIgniter\CodeIgniter->runController(Object(App\Controllers\KategoriBahanMakanan))
#6 D:\project\wartegnusantara\system\CodeIgniter.php(312): CodeIgniter\CodeIgniter->handleRequest(NULL, Object(Config\Cache), false)
#7 D:\project\wartegnusantara\public\index.php(45): CodeIgniter\CodeIgniter->run()
#8 D:\project\wartegnusantara\system\Commands\Server\rewrite.php(34): require_once('D:\\project\\wart...')
#9 {main}
CRITICAL - 2020-12-27 19:43:23 --> syntax error, unexpected end of file, expecting function (T_FUNCTION) or const (T_CONST)
#0 D:\project\wartegnusantara\system\Router\Router.php(195): CodeIgniter\Router\Router->autoRoute('KategoriBahanMa...')
#1 D:\project\wartegnusantara\system\CodeIgniter.php(793): CodeIgniter\Router\Router->handle('KategoriBahanMa...')
#2 D:\project\wartegnusantara\system\CodeIgniter.php(364): CodeIgniter\CodeIgniter->tryToRouteIt(Object(CodeIgniter\Router\RouteCollection))
#3 D:\project\wartegnusantara\system\CodeIgniter.php(312): CodeIgniter\CodeIgniter->handleRequest(NULL, Object(Config\Cache), false)
#4 D:\project\wartegnusantara\public\index.php(45): CodeIgniter\CodeIgniter->run()
#5 D:\project\wartegnusantara\system\Commands\Server\rewrite.php(34): require_once('D:\\project\\wart...')
#6 {main}
